[0.235s] [34mcolcon[0m [1;30mDEBUG[0m [32mCommand line arguments: ['/usr/bin/colcon', 'build', '--symlink-install'][0m
[0.236s] [34mcolcon[0m [1;30mDEBUG[0m [32mParsed command line arguments: Namespace(log_base=None, log_level=None, verb_name='build', build_base='build', install_base='install', merge_install=False, symlink_install=True, test_result_base=None, continue_on_error=False, executor='parallel', parallel_workers=6, event_handlers=None, ignore_user_meta=False, metas=['./colcon.meta'], base_paths=['.'], packages_ignore=None, packages_ignore_regex=None, paths=None, packages_up_to=None, packages_up_to_regex=None, packages_above=None, packages_above_and_dependencies=None, packages_above_depth=None, packages_select_by_dep=None, packages_skip_by_dep=None, packages_skip_up_to=None, packages_select_build_failed=False, packages_skip_build_finished=False, packages_select_test_failures=False, packages_skip_test_passed=False, packages_select=None, packages_skip=None, packages_select_regex=None, packages_skip_regex=None, packages_start=None, packages_end=None, allow_overriding=[], cmake_args=None, cmake_target=None, cmake_target_skip_unavailable=False, cmake_clean_cache=False, cmake_clean_first=False, cmake_force_configure=False, ament_cmake_args=None, catkin_cmake_args=None, catkin_skip_building_tests=False, verb_parser=<colcon_defaults.argument_parser.defaults.DefaultArgumentsDecorator object at 0xffff7ec37700>, verb_extension=<colcon_core.verb.build.BuildVerb object at 0xffff7ec37040>, main=<bound method BuildVerb.main of <colcon_core.verb.build.BuildVerb object at 0xffff7ec37040>>)[0m
[0.695s] [34mcolcon.colcon_core.package_discovery[0m [1;30mLevel 1[0m discover_packages(colcon_meta) check parameters
[0.695s] [34mcolcon.colcon_core.package_discovery[0m [1;30mLevel 1[0m discover_packages(recursive) check parameters
[0.695s] [34mcolcon.colcon_core.package_discovery[0m [1;30mLevel 1[0m discover_packages(ignore) check parameters
[0.696s] [34mcolcon.colcon_core.package_discovery[0m [1;30mLevel 1[0m discover_packages(path) check parameters
[0.696s] [34mcolcon.colcon_core.package_discovery[0m [1;30mLevel 1[0m discover_packages(colcon_meta) discover
[0.696s] [34mcolcon.colcon_core.package_discovery[0m [1;30mLevel 1[0m discover_packages(recursive) discover
[0.696s] [34mcolcon.colcon_core.package_discovery[0m [1;30mINFO[0m Crawling recursively for packages in '/home/seeed/alohax_ws'
[0.696s] [34mcolcon.colcon_core.package_identification[0m [1;30mLevel 1[0m _identify(.) by extensions ['ignore', 'ignore_ament_install']
[0.696s] [34mcolcon.colcon_core.package_identification[0m [1;30mLevel 1[0m _identify(.) by extension 'ignore'
[0.696s] [34mcolcon.colcon_core.package_identification[0m [1;30mLevel 1[0m _identify(.) by extension 'ignore_ament_install'
[0.697s] [34mcolcon.colcon_core.package_identification[0m [1;30mLevel 1[0m _identify(.) by extensions ['colcon_pkg']
[0.697s] [34mcolcon.colcon_core.package_identification[0m [1;30mLevel 1[0m _identify(.) by extension 'colcon_pkg'
[0.697s] [34mcolcon.colcon_core.package_identification[0m [1;30mLevel 1[0m _identify(.) by extensions ['colcon_meta']
[0.697s] [34mcolcon.colcon_core.package_identification[0m [1;30mLevel 1[0m _identify(.) by extension 'colcon_meta'
[0.697s] [34mcolcon.colcon_core.package_identification[0m [1;30mLevel 1[0m _identify(.) by extensions ['ros']
[0.697s] [34mcolcon.colcon_core.package_identification[0m [1;30mLevel 1[0m _identify(.) by extension 'ros'
[0.717s] [34mcolcon.colcon_core.package_identification[0m [1;30mLevel 1[0m _identify(.) by extensions ['cmake', 'python']
[0.718s] [34mcolcon.colcon_core.package_identification[0m [1;30mLevel 1[0m _identify(.) by extension 'cmake'
[0.718s] [34mcolcon.colcon_core.package_identification[0m [1;30mLevel 1[0m _identify(.) by extension 'python'
[0.718s] [34mcolcon.colcon_core.package_identification[0m [1;30mLevel 1[0m _identify(.) by extensions ['python_setup_py']
[0.718s] [34mcolcon.colcon_core.package_identification[0m [1;30mLevel 1[0m _identify(.) by extension 'python_setup_py'
[0.718s] [34mcolcon.colcon_core.package_identification[0m [1;30mLevel 1[0m _identify(build) by extensions ['ignore', 'ignore_ament_install']
[0.718s] [34mcolcon.colcon_core.package_identification[0m [1;30mLevel 1[0m _identify(build) by extension 'ignore'
[0.719s] [34mcolcon.colcon_core.package_identification[0m [1;30mLevel 1[0m _identify(build) ignored
[0.719s] [34mcolcon.colcon_core.package_identification[0m [1;30mLevel 1[0m _identify(examples) by extensions ['ignore', 'ignore_ament_install']
[0.719s] [34mcolcon.colcon_core.package_identification[0m [1;30mLevel 1[0m _identify(examples) by extension 'ignore'
[0.719s] [34mcolcon.colcon_core.package_identification[0m [1;30mLevel 1[0m _identify(examples) by extension 'ignore_ament_install'
[0.719s] [34mcolcon.colcon_core.package_identification[0m [1;30mLevel 1[0m _identify(examples) by extensions ['colcon_pkg']
[0.719s] [34mcolcon.colcon_core.package_identification[0m [1;30mLevel 1[0m _identify(examples) by extension 'colcon_pkg'
[0.719s] [34mcolcon.colcon_core.package_identification[0m [1;30mLevel 1[0m _identify(examples) by extensions ['colcon_meta']
[0.719s] [34mcolcon.colcon_core.package_identification[0m [1;30mLevel 1[0m _identify(examples) by extension 'colcon_meta'
[0.720s] [34mcolcon.colcon_core.package_identification[0m [1;30mLevel 1[0m _identify(examples) by extensions ['ros']
[0.720s] [34mcolcon.colcon_core.package_identification[0m [1;30mLevel 1[0m _identify(examples) by extension 'ros'
[0.720s] [34mcolcon.colcon_core.package_identification[0m [1;30mLevel 1[0m _identify(examples) by extensions ['cmake', 'python']
[0.720s] [34mcolcon.colcon_core.package_identification[0m [1;30mLevel 1[0m _identify(examples) by extension 'cmake'
[0.720s] [34mcolcon.colcon_core.package_identification[0m [1;30mLevel 1[0m _identify(examples) by extension 'python'
[0.720s] [34mcolcon.colcon_core.package_identification[0m [1;30mLevel 1[0m _identify(examples) by extensions ['python_setup_py']
[0.720s] [34mcolcon.colcon_core.package_identification[0m [1;30mLevel 1[0m _identify(examples) by extension 'python_setup_py'
[0.720s] [34mcolcon.colcon_core.package_identification[0m [1;30mLevel 1[0m _identify(examples/debug) by extensions ['ignore', 'ignore_ament_install']
[0.720s] [34mcolcon.colcon_core.package_identification[0m [1;30mLevel 1[0m _identify(examples/debug) by extension 'ignore'
[0.720s] [34mcolcon.colcon_core.package_identification[0m [1;30mLevel 1[0m _identify(examples/debug) by extension 'ignore_ament_install'
[0.721s] [34mcolcon.colcon_core.package_identification[0m [1;30mLevel 1[0m _identify(examples/debug) by extensions ['colcon_pkg']
[0.721s] [34mcolcon.colcon_core.package_identification[0m [1;30mLevel 1[0m _identify(examples/debug) by extension 'colcon_pkg'
[0.721s] [34mcolcon.colcon_core.package_identification[0m [1;30mLevel 1[0m _identify(examples/debug) by extensions ['colcon_meta']
[0.721s] [34mcolcon.colcon_core.package_identification[0m [1;30mLevel 1[0m _identify(examples/debug) by extension 'colcon_meta'
[0.721s] [34mcolcon.colcon_core.package_identification[0m [1;30mLevel 1[0m _identify(examples/debug) by extensions ['ros']
[0.721s] [34mcolcon.colcon_core.package_identification[0m [1;30mLevel 1[0m _identify(examples/debug) by extension 'ros'
[0.721s] [34mcolcon.colcon_core.package_identification[0m [1;30mLevel 1[0m _identify(examples/debug) by extensions ['cmake', 'python']
[0.721s] [34mcolcon.colcon_core.package_identification[0m [1;30mLevel 1[0m _identify(examples/debug) by extension 'cmake'
[0.721s] [34mcolcon.colcon_core.package_identification[0m [1;30mLevel 1[0m _identify(examples/debug) by extension 'python'
[0.721s] [34mcolcon.colcon_core.package_identification[0m [1;30mLevel 1[0m _identify(examples/debug) by extensions ['python_setup_py']
[0.721s] [34mcolcon.colcon_core.package_identification[0m [1;30mLevel 1[0m _identify(examples/debug) by extension 'python_setup_py'
[0.722s] [34mcolcon.colcon_core.package_identification[0m [1;30mLevel 1[0m _identify(examples/debug/action_scripts) by extensions ['ignore', 'ignore_ament_install']
[0.722s] [34mcolcon.colcon_core.package_identification[0m [1;30mLevel 1[0m _identify(examples/debug/action_scripts) by extension 'ignore'
[0.722s] [34mcolcon.colcon_core.package_identification[0m [1;30mLevel 1[0m _identify(examples/debug/action_scripts) by extension 'ignore_ament_install'
[0.722s] [34mcolcon.colcon_core.package_identification[0m [1;30mLevel 1[0m _identify(examples/debug/action_scripts) by extensions ['colcon_pkg']
[0.722s] [34mcolcon.colcon_core.package_identification[0m [1;30mLevel 1[0m _identify(examples/debug/action_scripts) by extension 'colcon_pkg'
[0.722s] [34mcolcon.colcon_core.package_identification[0m [1;30mLevel 1[0m _identify(examples/debug/action_scripts) by extensions ['colcon_meta']
[0.722s] [34mcolcon.colcon_core.package_identification[0m [1;30mLevel 1[0m _identify(examples/debug/action_scripts) by extension 'colcon_meta'
[0.722s] [34mcolcon.colcon_core.package_identification[0m [1;30mLevel 1[0m _identify(examples/debug/action_scripts) by extensions ['ros']
[0.722s] [34mcolcon.colcon_core.package_identification[0m [1;30mLevel 1[0m _identify(examples/debug/action_scripts) by extension 'ros'
[0.722s] [34mcolcon.colcon_core.package_identification[0m [1;30mLevel 1[0m _identify(examples/debug/action_scripts) by extensions ['cmake', 'python']
[0.722s] [34mcolcon.colcon_core.package_identification[0m [1;30mLevel 1[0m _identify(examples/debug/action_scripts) by extension 'cmake'
[0.723s] [34mcolcon.colcon_core.package_identification[0m [1;30mLevel 1[0m _identify(examples/debug/action_scripts) by extension 'python'
[0.723s] [34mcolcon.colcon_core.package_identification[0m [1;30mLevel 1[0m _identify(examples/debug/action_scripts) by extensions ['python_setup_py']
[0.723s] [34mcolcon.colcon_core.package_identification[0m [1;30mLevel 1[0m _identify(examples/debug/action_scripts) by extension 'python_setup_py'
[0.723s] [34mcolcon.colcon_core.package_identification[0m [1;30mLevel 1[0m _identify(examples/tele) by extensions ['ignore', 'ignore_ament_install']
[0.723s] [34mcolcon.colcon_core.package_identification[0m [1;30mLevel 1[0m _identify(examples/tele) by extension 'ignore'
[0.723s] [34mcolcon.colcon_core.package_identification[0m [1;30mLevel 1[0m _identify(examples/tele) by extension 'ignore_ament_install'
[0.723s] [34mcolcon.colcon_core.package_identification[0m [1;30mLevel 1[0m _identify(examples/tele) by extensions ['colcon_pkg']
[0.723s] [34mcolcon.colcon_core.package_identification[0m [1;30mLevel 1[0m _identify(examples/tele) by extension 'colcon_pkg'
[0.723s] [34mcolcon.colcon_core.package_identification[0m [1;30mLevel 1[0m _identify(examples/tele) by extensions ['colcon_meta']
[0.723s] [34mcolcon.colcon_core.package_identification[0m [1;30mLevel 1[0m _identify(examples/tele) by extension 'colcon_meta'
[0.724s] [34mcolcon.colcon_core.package_identification[0m [1;30mLevel 1[0m _identify(examples/tele) by extensions ['ros']
[0.724s] [34mcolcon.colcon_core.package_identification[0m [1;30mLevel 1[0m _identify(examples/tele) by extension 'ros'
[0.724s] [34mcolcon.colcon_core.package_identification[0m [1;30mLevel 1[0m _identify(examples/tele) by extensions ['cmake', 'python']
[0.724s] [34mcolcon.colcon_core.package_identification[0m [1;30mLevel 1[0m _identify(examples/tele) by extension 'cmake'
[0.724s] [34mcolcon.colcon_core.package_identification[0m [1;30mLevel 1[0m _identify(examples/tele) by extension 'python'
[0.724s] [34mcolcon.colcon_core.package_identification[0m [1;30mLevel 1[0m _identify(examples/tele) by extensions ['python_setup_py']
[0.724s] [34mcolcon.colcon_core.package_identification[0m [1;30mLevel 1[0m _identify(examples/tele) by extension 'python_setup_py'
[0.724s] [34mcolcon.colcon_core.package_identification[0m [1;30mLevel 1[0m _identify(install) by extensions ['ignore', 'ignore_ament_install']
[0.724s] [34mcolcon.colcon_core.package_identification[0m [1;30mLevel 1[0m _identify(install) by extension 'ignore'
[0.724s] [34mcolcon.colcon_core.package_identification[0m [1;30mLevel 1[0m _identify(install) ignored
[0.725s] [34mcolcon.colcon_core.package_identification[0m [1;30mLevel 1[0m _identify(log) by extensions ['ignore', 'ignore_ament_install']
[0.725s] [34mcolcon.colcon_core.package_identification[0m [1;30mLevel 1[0m _identify(log) by extension 'ignore'
[0.725s] [34mcolcon.colcon_core.package_identification[0m [1;30mLevel 1[0m _identify(log) ignored
[0.725s] [34mcolcon.colcon_core.package_identification[0m [1;30mLevel 1[0m _identify(scripts) by extensions ['ignore', 'ignore_ament_install']
[0.725s] [34mcolcon.colcon_core.package_identification[0m [1;30mLevel 1[0m _identify(scripts) by extension 'ignore'
[0.725s] [34mcolcon.colcon_core.package_identification[0m [1;30mLevel 1[0m _identify(scripts) by extension 'ignore_ament_install'
[0.725s] [34mcolcon.colcon_core.package_identification[0m [1;30mLevel 1[0m _identify(scripts) by extensions ['colcon_pkg']
[0.725s] [34mcolcon.colcon_core.package_identification[0m [1;30mLevel 1[0m _identify(scripts) by extension 'colcon_pkg'
[0.726s] [34mcolcon.colcon_core.package_identification[0m [1;30mLevel 1[0m _identify(scripts) by extensions ['colcon_meta']
[0.726s] [34mcolcon.colcon_core.package_identification[0m [1;30mLevel 1[0m _identify(scripts) by extension 'colcon_meta'
[0.726s] [34mcolcon.colcon_core.package_identification[0m [1;30mLevel 1[0m _identify(scripts) by extensions ['ros']
[0.726s] [34mcolcon.colcon_core.package_identification[0m [1;30mLevel 1[0m _identify(scripts) by extension 'ros'
[0.726s] [34mcolcon.colcon_core.package_identification[0m [1;30mLevel 1[0m _identify(scripts) by extensions ['cmake', 'python']
[0.726s] [34mcolcon.colcon_core.package_identification[0m [1;30mLevel 1[0m _identify(scripts) by extension 'cmake'
[0.726s] [34mcolcon.colcon_core.package_identification[0m [1;30mLevel 1[0m _identify(scripts) by extension 'python'
[0.726s] [34mcolcon.colcon_core.package_identification[0m [1;30mLevel 1[0m _identify(scripts) by extensions ['python_setup_py']
[0.726s] [34mcolcon.colcon_core.package_identification[0m [1;30mLevel 1[0m _identify(scripts) by extension 'python_setup_py'
[0.726s] [34mcolcon.colcon_core.package_identification[0m [1;30mLevel 1[0m _identify(src) by extensions ['ignore', 'ignore_ament_install']
[0.726s] [34mcolcon.colcon_core.package_identification[0m [1;30mLevel 1[0m _identify(src) by extension 'ignore'
[0.727s] [34mcolcon.colcon_core.package_identification[0m [1;30mLevel 1[0m _identify(src) by extension 'ignore_ament_install'
[0.727s] [34mcolcon.colcon_core.package_identification[0m [1;30mLevel 1[0m _identify(src) by extensions ['colcon_pkg']
[0.727s] [34mcolcon.colcon_core.package_identification[0m [1;30mLevel 1[0m _identify(src) by extension 'colcon_pkg'
[0.727s] [34mcolcon.colcon_core.package_identification[0m [1;30mLevel 1[0m _identify(src) by extensions ['colcon_meta']
[0.727s] [34mcolcon.colcon_core.package_identification[0m [1;30mLevel 1[0m _identify(src) by extension 'colcon_meta'
[0.727s] [34mcolcon.colcon_core.package_identification[0m [1;30mLevel 1[0m _identify(src) by extensions ['ros']
[0.727s] [34mcolcon.colcon_core.package_identification[0m [1;30mLevel 1[0m _identify(src) by extension 'ros'
[0.727s] [34mcolcon.colcon_core.package_identification[0m [1;30mLevel 1[0m _identify(src) by extensions ['cmake', 'python']
[0.727s] [34mcolcon.colcon_core.package_identification[0m [1;30mLevel 1[0m _identify(src) by extension 'cmake'
[0.727s] [34mcolcon.colcon_core.package_identification[0m [1;30mLevel 1[0m _identify(src) by extension 'python'
[0.727s] [34mcolcon.colcon_core.package_identification[0m [1;30mLevel 1[0m _identify(src) by extensions ['python_setup_py']
[0.727s] [34mcolcon.colcon_core.package_identification[0m [1;30mLevel 1[0m _identify(src) by extension 'python_setup_py'
[0.728s] [34mcolcon.colcon_core.package_identification[0m [1;30mLevel 1[0m _identify(src/alohax_bringup) by extensions ['ignore', 'ignore_ament_install']
[0.728s] [34mcolcon.colcon_core.package_identification[0m [1;30mLevel 1[0m _identify(src/alohax_bringup) by extension 'ignore'
[0.728s] [34mcolcon.colcon_core.package_identification[0m [1;30mLevel 1[0m _identify(src/alohax_bringup) by extension 'ignore_ament_install'
[0.728s] [34mcolcon.colcon_core.package_identification[0m [1;30mLevel 1[0m _identify(src/alohax_bringup) by extensions ['colcon_pkg']
[0.728s] [34mcolcon.colcon_core.package_identification[0m [1;30mLevel 1[0m _identify(src/alohax_bringup) by extension 'colcon_pkg'
[0.728s] [34mcolcon.colcon_core.package_identification[0m [1;30mLevel 1[0m _identify(src/alohax_bringup) by extensions ['colcon_meta']
[0.728s] [34mcolcon.colcon_core.package_identification[0m [1;30mLevel 1[0m _identify(src/alohax_bringup) by extension 'colcon_meta'
[0.728s] [34mcolcon.colcon_core.package_identification[0m [1;30mLevel 1[0m _identify(src/alohax_bringup) by extensions ['ros']
[0.728s] [34mcolcon.colcon_core.package_identification[0m [1;30mLevel 1[0m _identify(src/alohax_bringup) by extension 'ros'
[0.733s] [34mcolcon.colcon_core.package_identification[0m [1;30mDEBUG[0m [32mPackage 'src/alohax_bringup' with type 'ros.ament_cmake' and name 'alohax_bringup'[0m
[0.733s] [34mcolcon.colcon_core.package_identification[0m [1;30mLevel 1[0m _identify(src/alohax_hw_bridge) by extensions ['ignore', 'ignore_ament_install']
[0.733s] [34mcolcon.colcon_core.package_identification[0m [1;30mLevel 1[0m _identify(src/alohax_hw_bridge) by extension 'ignore'
[0.733s] [34mcolcon.colcon_core.package_identification[0m [1;30mLevel 1[0m _identify(src/alohax_hw_bridge) by extension 'ignore_ament_install'
[0.734s] [34mcolcon.colcon_core.package_identification[0m [1;30mLevel 1[0m _identify(src/alohax_hw_bridge) by extensions ['colcon_pkg']
[0.734s] [34mcolcon.colcon_core.package_identification[0m [1;30mLevel 1[0m _identify(src/alohax_hw_bridge) by extension 'colcon_pkg'
[0.734s] [34mcolcon.colcon_core.package_identification[0m [1;30mLevel 1[0m _identify(src/alohax_hw_bridge) by extensions ['colcon_meta']
[0.734s] [34mcolcon.colcon_core.package_identification[0m [1;30mLevel 1[0m _identify(src/alohax_hw_bridge) by extension 'colcon_meta'
[0.734s] [34mcolcon.colcon_core.package_identification[0m [1;30mLevel 1[0m _identify(src/alohax_hw_bridge) by extensions ['ros']
[0.734s] [34mcolcon.colcon_core.package_identification[0m [1;30mLevel 1[0m _identify(src/alohax_hw_bridge) by extension 'ros'
[0.736s] [34mcolcon.colcon_core.package_identification[0m [1;30mDEBUG[0m [32mPackage 'src/alohax_hw_bridge' with type 'ros.ament_python' and name 'alohax_hw_bridge'[0m
[0.736s] [34mcolcon.colcon_core.package_identification[0m [1;30mLevel 1[0m _identify(src/alohax_moveit_config) by extensions ['ignore', 'ignore_ament_install']
[0.736s] [34mcolcon.colcon_core.package_identification[0m [1;30mLevel 1[0m _identify(src/alohax_moveit_config) by extension 'ignore'
[0.736s] [34mcolcon.colcon_core.package_identification[0m [1;30mLevel 1[0m _identify(src/alohax_moveit_config) by extension 'ignore_ament_install'
[0.736s] [34mcolcon.colcon_core.package_identification[0m [1;30mLevel 1[0m _identify(src/alohax_moveit_config) by extensions ['colcon_pkg']
[0.736s] [34mcolcon.colcon_core.package_identification[0m [1;30mLevel 1[0m _identify(src/alohax_moveit_config) by extension 'colcon_pkg'
[0.736s] [34mcolcon.colcon_core.package_identification[0m [1;30mLevel 1[0m _identify(src/alohax_moveit_config) by extensions ['colcon_meta']
[0.736s] [34mcolcon.colcon_core.package_identification[0m [1;30mLevel 1[0m _identify(src/alohax_moveit_config) by extension 'colcon_meta'
[0.737s] [34mcolcon.colcon_core.package_identification[0m [1;30mLevel 1[0m _identify(src/alohax_moveit_config) by extensions ['ros']
[0.737s] [34mcolcon.colcon_core.package_identification[0m [1;30mLevel 1[0m _identify(src/alohax_moveit_config) by extension 'ros'
[0.738s] [34mcolcon.colcon_core.package_identification[0m [1;30mDEBUG[0m [32mPackage 'src/alohax_moveit_config' with type 'ros.ament_cmake' and name 'alohax_moveit_config'[0m
[0.738s] [34mcolcon.colcon_core.package_identification[0m [1;30mLevel 1[0m _identify(src/alohax_urdf) by extensions ['ignore', 'ignore_ament_install']
[0.738s] [34mcolcon.colcon_core.package_identification[0m [1;30mLevel 1[0m _identify(src/alohax_urdf) by extension 'ignore'
[0.738s] [34mcolcon.colcon_core.package_identification[0m [1;30mLevel 1[0m _identify(src/alohax_urdf) by extension 'ignore_ament_install'
[0.738s] [34mcolcon.colcon_core.package_identification[0m [1;30mLevel 1[0m _identify(src/alohax_urdf) by extensions ['colcon_pkg']
[0.738s] [34mcolcon.colcon_core.package_identification[0m [1;30mLevel 1[0m _identify(src/alohax_urdf) by extension 'colcon_pkg'
[0.738s] [34mcolcon.colcon_core.package_identification[0m [1;30mLevel 1[0m _identify(src/alohax_urdf) by extensions ['colcon_meta']
[0.738s] [34mcolcon.colcon_core.package_identification[0m [1;30mLevel 1[0m _identify(src/alohax_urdf) by extension 'colcon_meta'
[0.738s] [34mcolcon.colcon_core.package_identification[0m [1;30mLevel 1[0m _identify(src/alohax_urdf) by extensions ['ros']
[0.739s] [34mcolcon.colcon_core.package_identification[0m [1;30mLevel 1[0m _identify(src/alohax_urdf) by extension 'ros'
[0.739s] [34mcolcon.colcon_core.package_identification[0m [1;30mDEBUG[0m [32mPackage 'src/alohax_urdf' with type 'ros.ament_cmake' and name 'alohax_urdf'[0m
[0.740s] [34mcolcon.colcon_core.package_identification[0m [1;30mLevel 1[0m _identify(venv) by extensions ['ignore', 'ignore_ament_install']
[0.740s] [34mcolcon.colcon_core.package_identification[0m [1;30mLevel 1[0m _identify(venv) by extension 'ignore'
[0.740s] [34mcolcon.colcon_core.package_identification[0m [1;30mLevel 1[0m _identify(venv) by extension 'ignore_ament_install'
[0.740s] [34mcolcon.colcon_core.package_identification[0m [1;30mLevel 1[0m _identify(venv) by extensions ['colcon_pkg']
[0.740s] [34mcolcon.colcon_core.package_identification[0m [1;30mLevel 1[0m _identify(venv) by extension 'colcon_pkg'
[0.740s] [34mcolcon.colcon_core.package_identification[0m [1;30mLevel 1[0m _identify(venv) by extensions ['colcon_meta']
[0.740s] [34mcolcon.colcon_core.package_identification[0m [1;30mLevel 1[0m _identify(venv) by extension 'colcon_meta'
[0.740s] [34mcolcon.colcon_core.package_identification[0m [1;30mLevel 1[0m _identify(venv) by extensions ['ros']
[0.740s] [34mcolcon.colcon_core.package_identification[0m [1;30mLevel 1[0m _identify(venv) by extension 'ros'
[0.741s] [34mcolcon.colcon_core.package_identification[0m [1;30mLevel 1[0m _identify(venv) by extensions ['cmake', 'python']
[0.741s] [34mcolcon.colcon_core.package_identification[0m [1;30mLevel 1[0m _identify(venv) by extension 'cmake'
[0.741s] [34mcolcon.colcon_core.package_identification[0m [1;30mLevel 1[0m _identify(venv) by extension 'python'
[0.741s] [34mcolcon.colcon_core.package_identification[0m [1;30mLevel 1[0m _identify(venv) by extensions ['python_setup_py']
[0.741s] [34mcolcon.colcon_core.package_identification[0m [1;30mLevel 1[0m _identify(venv) by extension 'python_setup_py'
[0.741s] [34mcolcon.colcon_core.package_identification[0m [1;30mLevel 1[0m _identify(venv/bin) by extensions ['ignore', 'ignore_ament_install']
[0.741s] [34mcolcon.colcon_core.package_identification[0m [1;30mLevel 1[0m _identify(venv/bin) by extension 'ignore'
[0.741s] [34mcolcon.colcon_core.package_identification[0m [1;30mLevel 1[0m _identify(venv/bin) by extension 'ignore_ament_install'
[0.741s] [34mcolcon.colcon_core.package_identification[0m [1;30mLevel 1[0m _identify(venv/bin) by extensions ['colcon_pkg']
[0.741s] [34mcolcon.colcon_core.package_identification[0m [1;30mLevel 1[0m _identify(venv/bin) by extension 'colcon_pkg'
[0.742s] [34mcolcon.colcon_core.package_identification[0m [1;30mLevel 1[0m _identify(venv/bin) by extensions ['colcon_meta']
[0.742s] [34mcolcon.colcon_core.package_identification[0m [1;30mLevel 1[0m _identify(venv/bin) by extension 'colcon_meta'
[0.742s] [34mcolcon.colcon_core.package_identification[0m [1;30mLevel 1[0m _identify(venv/bin) by extensions ['ros']
[0.742s] [34mcolcon.colcon_core.package_identification[0m [1;30mLevel 1[0m _identify(venv/bin) by extension 'ros'
[0.742s] [34mcolcon.colcon_core.package_identification[0m [1;30mLevel 1[0m _identify(venv/bin) by extensions ['cmake', 'python']
[0.742s] [34mcolcon.colcon_core.package_identification[0m [1;30mLevel 1[0m _identify(venv/bin) by extension 'cmake'
[0.742s] [34mcolcon.colcon_core.package_identification[0m [1;30mLevel 1[0m _identify(venv/bin) by extension 'python'
[0.742s] [34mcolcon.colcon_core.package_identification[0m [1;30mLevel 1[0m _identify(venv/bin) by extensions ['python_setup_py']
[0.742s] [34mcolcon.colcon_core.package_identification[0m [1;30mLevel 1[0m _identify(venv/bin) by extension 'python_setup_py'
[0.742s] [34mcolcon.colcon_core.package_identification[0m [1;30mLevel 1[0m _identify(venv/include) by extensions ['ignore', 'ignore_ament_install']
[0.742s] [34mcolcon.colcon_core.package_identification[0m [1;30mLevel 1[0m _identify(venv/include) by extension 'ignore'
[0.743s] [34mcolcon.colcon_core.package_identification[0m [1;30mLevel 1[0m _identify(venv/include) by extension 'ignore_ament_install'
[0.743s] [34mcolcon.colcon_core.package_identification[0m [1;30mLevel 1[0m _identify(venv/include) by extensions ['colcon_pkg']
[0.743s] [34mcolcon.colcon_core.package_identification[0m [1;30mLevel 1[0m _identify(venv/include) by extension 'colcon_pkg'
[0.743s] [34mcolcon.colcon_core.package_identification[0m [1;30mLevel 1[0m _identify(venv/include) by extensions ['colcon_meta']
[0.743s] [34mcolcon.colcon_core.package_identification[0m [1;30mLevel 1[0m _identify(venv/include) by extension 'colcon_meta'
[0.743s] [34mcolcon.colcon_core.package_identification[0m [1;30mLevel 1[0m _identify(venv/include) by extensions ['ros']
[0.743s] [34mcolcon.colcon_core.package_identification[0m [1;30mLevel 1[0m _identify(venv/include) by extension 'ros'
[0.743s] [34mcolcon.colcon_core.package_identification[0m [1;30mLevel 1[0m _identify(venv/include) by extensions ['cmake', 'python']
[0.743s] [34mcolcon.colcon_core.package_identification[0m [1;30mLevel 1[0m _identify(venv/include) by extension 'cmake'
[0.743s] [34mcolcon.colcon_core.package_identification[0m [1;30mLevel 1[0m _identify(venv/include) by extension 'python'
[0.743s] [34mcolcon.colcon_core.package_identification[0m [1;30mLevel 1[0m _identify(venv/include) by extensions ['python_setup_py']
[0.743s] [34mcolcon.colcon_core.package_identification[0m [1;30mLevel 1[0m _identify(venv/include) by extension 'python_setup_py'
[0.744s] [34mcolcon.colcon_core.package_identification[0m [1;30mLevel 1[0m _identify(venv/include/python3.12) by extensions ['ignore', 'ignore_ament_install']
[0.744s] [34mcolcon.colcon_core.package_identification[0m [1;30mLevel 1[0m _identify(venv/include/python3.12) by extension 'ignore'
[0.744s] [34mcolcon.colcon_core.package_identification[0m [1;30mLevel 1[0m _identify(venv/include/python3.12) by extension 'ignore_ament_install'
[0.744s] [34mcolcon.colcon_core.package_identification[0m [1;30mLevel 1[0m _identify(venv/include/python3.12) by extensions ['colcon_pkg']
[0.744s] [34mcolcon.colcon_core.package_identification[0m [1;30mLevel 1[0m _identify(venv/include/python3.12) by extension 'colcon_pkg'
[0.744s] [34mcolcon.colcon_core.package_identification[0m [1;30mLevel 1[0m _identify(venv/include/python3.12) by extensions ['colcon_meta']
[0.744s] [34mcolcon.colcon_core.package_identification[0m [1;30mLevel 1[0m _identify(venv/include/python3.12) by extension 'colcon_meta'
[0.744s] [34mcolcon.colcon_core.package_identification[0m [1;30mLevel 1[0m _identify(venv/include/python3.12) by extensions ['ros']
[0.744s] [34mcolcon.colcon_core.package_identification[0m [1;30mLevel 1[0m _identify(venv/include/python3.12) by extension 'ros'
[0.745s] [34mcolcon.colcon_core.package_identification[0m [1;30mLevel 1[0m _identify(venv/include/python3.12) by extensions ['cmake', 'python']
[0.745s] [34mcolcon.colcon_core.package_identification[0m [1;30mLevel 1[0m _identify(venv/include/python3.12) by extension 'cmake'
[0.745s] [34mcolcon.colcon_core.package_identification[0m [1;30mLevel 1[0m _identify(venv/include/python3.12) by extension 'python'
[0.745s] [34mcolcon.colcon_core.package_identification[0m [1;30mLevel 1[0m _identify(venv/include/python3.12) by extensions ['python_setup_py']
[0.745s] [34mcolcon.colcon_core.package_identification[0m [1;30mLevel 1[0m _identify(venv/include/python3.12) by extension 'python_setup_py'
[0.745s] [34mcolcon.colcon_core.package_identification[0m [1;30mLevel 1[0m _identify(venv/lib) by extensions ['ignore', 'ignore_ament_install']
[0.745s] [34mcolcon.colcon_core.package_identification[0m [1;30mLevel 1[0m _identify(venv/lib) by extension 'ignore'
[0.745s] [34mcolcon.colcon_core.package_identification[0m [1;30mLevel 1[0m _identify(venv/lib) by extension 'ignore_ament_install'
[0.745s] [34mcolcon.colcon_core.package_identification[0m [1;30mLevel 1[0m _identify(venv/lib) by extensions ['colcon_pkg']
[0.745s] [34mcolcon.colcon_core.package_identification[0m [1;30mLevel 1[0m _identify(venv/lib) by extension 'colcon_pkg'
[0.745s] [34mcolcon.colcon_core.package_identification[0m [1;30mLevel 1[0m _identify(venv/lib) by extensions ['colcon_meta']
[0.745s] [34mcolcon.colcon_core.package_identification[0m [1;30mLevel 1[0m _identify(venv/lib) by extension 'colcon_meta'
[0.746s] [34mcolcon.colcon_core.package_identification[0m [1;30mLevel 1[0m _identify(venv/lib) by extensions ['ros']
[0.746s] [34mcolcon.colcon_core.package_identification[0m [1;30mLevel 1[0m _identify(venv/lib) by extension 'ros'
[0.746s] [34mcolcon.colcon_core.package_identification[0m [1;30mLevel 1[0m _identify(venv/lib) by extensions ['cmake', 'python']
[0.746s] [34mcolcon.colcon_core.package_identification[0m [1;30mLevel 1[0m _identify(venv/lib) by extension 'cmake'
[0.746s] [34mcolcon.colcon_core.package_identification[0m [1;30mLevel 1[0m _identify(venv/lib) by extension 'python'
[0.746s] [34mcolcon.colcon_core.package_identification[0m [1;30mLevel 1[0m _identify(venv/lib) by extensions ['python_setup_py']
[0.746s] [34mcolcon.colcon_core.package_identification[0m [1;30mLevel 1[0m _identify(venv/lib) by extension 'python_setup_py'
[0.746s] [34mcolcon.colcon_core.package_identification[0m [1;30mLevel 1[0m _identify(venv/lib/python3.12) by extensions ['ignore', 'ignore_ament_install']
[0.746s] [34mcolcon.colcon_core.package_identification[0m [1;30mLevel 1[0m _identify(venv/lib/python3.12) by extension 'ignore'
[0.746s] [34mcolcon.colcon_core.package_identification[0m [1;30mLevel 1[0m _identify(venv/lib/python3.12) by extension 'ignore_ament_install'
[0.747s] [34mcolcon.colcon_core.package_identification[0m [1;30mLevel 1[0m _identify(venv/lib/python3.12) by extensions ['colcon_pkg']
[0.747s] [34mcolcon.colcon_core.package_identification[0m [1;30mLevel 1[0m _identify(venv/lib/python3.12) by extension 'colcon_pkg'
[0.747s] [34mcolcon.colcon_core.package_identification[0m [1;30mLevel 1[0m _identify(venv/lib/python3.12) by extensions ['colcon_meta']
[0.747s] [34mcolcon.colcon_core.package_identification[0m [1;30mLevel 1[0m _identify(venv/lib/python3.12) by extension 'colcon_meta'
[0.747s] [34mcolcon.colcon_core.package_identification[0m [1;30mLevel 1[0m _identify(venv/lib/python3.12) by extensions ['ros']
[0.747s] [34mcolcon.colcon_core.package_identification[0m [1;30mLevel 1[0m _identify(venv/lib/python3.12) by extension 'ros'
[0.747s] [34mcolcon.colcon_core.package_identification[0m [1;30mLevel 1[0m _identify(venv/lib/python3.12) by extensions ['cmake', 'python']
[0.747s] [34mcolcon.colcon_core.package_identification[0m [1;30mLevel 1[0m _identify(venv/lib/python3.12) by extension 'cmake'
[0.747s] [34mcolcon.colcon_core.package_identification[0m [1;30mLevel 1[0m _identify(venv/lib/python3.12) by extension 'python'
[0.747s] [34mcolcon.colcon_core.package_identification[0m [1;30mLevel 1[0m _identify(venv/lib/python3.12) by extensions ['python_setup_py']
[0.747s] [34mcolcon.colcon_core.package_identification[0m [1;30mLevel 1[0m _identify(venv/lib/python3.12) by extension 'python_setup_py'
[0.748s] [34mcolcon.colcon_core.package_identification[0m [1;30mLevel 1[0m _identify(venv/lib/python3.12/site-packages) by extensions ['ignore', 'ignore_ament_install']
[0.748s] [34mcolcon.colcon_core.package_identification[0m [1;30mLevel 1[0m _identify(venv/lib/python3.12/site-packages) by extension 'ignore'
[0.748s] [34mcolcon.colcon_core.package_identification[0m [1;30mLevel 1[0m _identify(venv/lib/python3.12/site-packages) by extension 'ignore_ament_install'
[0.748s] [34mcolcon.colcon_core.package_identification[0m [1;30mLevel 1[0m _identify(venv/lib/python3.12/site-packages) by extensions ['colcon_pkg']
[0.748s] [34mcolcon.colcon_core.package_identification[0m [1;30mLevel 1[0m _identify(venv/lib/python3.12/site-packages) by extension 'colcon_pkg'
[0.748s] [34mcolcon.colcon_core.package_identification[0m [1;30mLevel 1[0m _identify(venv/lib/python3.12/site-packages) by extensions ['colcon_meta']
[0.748s] [34mcolcon.colcon_core.package_identification[0m [1;30mLevel 1[0m _identify(venv/lib/python3.12/site-packages) by extension 'colcon_meta'
[0.748s] [34mcolcon.colcon_core.package_identification[0m [1;30mLevel 1[0m _identify(venv/lib/python3.12/site-packages) by extensions ['ros']
[0.748s] [34mcolcon.colcon_core.package_identification[0m [1;30mLevel 1[0m _identify(venv/lib/python3.12/site-packages) by extension 'ros'
[0.748s] [34mcolcon.colcon_core.package_identification[0m [1;30mLevel 1[0m _identify(venv/lib/python3.12/site-packages) by extensions ['cmake', 'python']
[0.748s] [34mcolcon.colcon_core.package_identification[0m [1;30mLevel 1[0m _identify(venv/lib/python3.12/site-packages) by extension 'cmake'
[0.749s] [34mcolcon.colcon_core.package_identification[0m [1;30mLevel 1[0m _identify(venv/lib/python3.12/site-packages) by extension 'python'
[0.749s] [34mcolcon.colcon_core.package_identification[0m [1;30mLevel 1[0m _identify(venv/lib/python3.12/site-packages) by extensions ['python_setup_py']
[0.749s] [34mcolcon.colcon_core.package_identification[0m [1;30mLevel 1[0m _identify(venv/lib/python3.12/site-packages) by extension 'python_setup_py'
[0.749s] [34mcolcon.colcon_core.package_discovery[0m [1;30mLevel 1[0m discover_packages(recursive) using defaults
[0.749s] [34mcolcon.colcon_core.package_discovery[0m [1;30mLevel 1[0m discover_packages(ignore) discover
[0.749s] [34mcolcon.colcon_core.package_discovery[0m [1;30mLevel 1[0m discover_packages(ignore) using defaults
[0.749s] [34mcolcon.colcon_core.package_discovery[0m [1;30mLevel 1[0m discover_packages(path) discover
[0.749s] [34mcolcon.colcon_core.package_discovery[0m [1;30mLevel 1[0m discover_packages(path) using defaults
[0.779s] [34mcolcon.colcon_core.package_discovery[0m [1;30mLevel 1[0m discover_packages(prefix_path) check parameters
[0.779s] [34mcolcon.colcon_core.package_discovery[0m [1;30mLevel 1[0m discover_packages(prefix_path) discover
[0.784s] [34mcolcon.colcon_installed_package_information.package_discovery[0m [1;30mDEBUG[0m [32mFound 431 installed packages in /opt/ros/humble[0m
[0.788s] [34mcolcon.colcon_core.package_discovery[0m [1;30mLevel 1[0m discover_packages(prefix_path) using defaults
[0.883s] [34mcolcon.colcon_core.verb[0m [1;30mLevel 5[0m set package 'alohax_hw_bridge' build argument 'cmake_args' from command line to 'None'
[0.883s] [34mcolcon.colcon_core.verb[0m [1;30mLevel 5[0m set package 'alohax_hw_bridge' build argument 'cmake_target' from command line to 'None'
[0.883s] [34mcolcon.colcon_core.verb[0m [1;30mLevel 5[0m set package 'alohax_hw_bridge' build argument 'cmake_target_skip_unavailable' from command line to 'False'
[0.883s] [34mcolcon.colcon_core.verb[0m [1;30mLevel 5[0m set package 'alohax_hw_bridge' build argument 'cmake_clean_cache' from command line to 'False'
[0.883s] [34mcolcon.colcon_core.verb[0m [1;30mLevel 5[0m set package 'alohax_hw_bridge' build argument 'cmake_clean_first' from command line to 'False'
[0.883s] [34mcolcon.colcon_core.verb[0m [1;30mLevel 5[0m set package 'alohax_hw_bridge' build argument 'cmake_force_configure' from command line to 'False'
[0.883s] [34mcolcon.colcon_core.verb[0m [1;30mLevel 5[0m set package 'alohax_hw_bridge' build argument 'ament_cmake_args' from command line to 'None'
[0.883s] [34mcolcon.colcon_core.verb[0m [1;30mLevel 5[0m set package 'alohax_hw_bridge' build argument 'catkin_cmake_args' from command line to 'None'
[0.883s] [34mcolcon.colcon_core.verb[0m [1;30mLevel 5[0m set package 'alohax_hw_bridge' build argument 'catkin_skip_building_tests' from command line to 'False'
[0.884s] [34mcolcon.colcon_core.verb[0m [1;30mDEBUG[0m [32mBuilding package 'alohax_hw_bridge' with the following arguments: {'ament_cmake_args': None, 'build_base': '/home/seeed/alohax_ws/build/alohax_hw_bridge', 'catkin_cmake_args': None, 'catkin_skip_building_tests': False, 'cmake_args': None, 'cmake_clean_cache': False, 'cmake_clean_first': False, 'cmake_force_configure': False, 'cmake_target': None, 'cmake_target_skip_unavailable': False, 'install_base': '/home/seeed/alohax_ws/install/alohax_hw_bridge', 'merge_install': False, 'path': '/home/seeed/alohax_ws/src/alohax_hw_bridge', 'symlink_install': True, 'test_result_base': None}[0m
[0.884s] [34mcolcon.colcon_core.verb[0m [1;30mLevel 5[0m set package 'alohax_urdf' build argument 'cmake_args' from command line to 'None'
[0.884s] [34mcolcon.colcon_core.verb[0m [1;30mLevel 5[0m set package 'alohax_urdf' build argument 'cmake_target' from command line to 'None'
[0.884s] [34mcolcon.colcon_core.verb[0m [1;30mLevel 5[0m set package 'alohax_urdf' build argument 'cmake_target_skip_unavailable' from command line to 'False'
[0.884s] [34mcolcon.colcon_core.verb[0m [1;30mLevel 5[0m set package 'alohax_urdf' build argument 'cmake_clean_cache' from command line to 'False'
[0.884s] [34mcolcon.colcon_core.verb[0m [1;30mLevel 5[0m set package 'alohax_urdf' build argument 'cmake_clean_first' from command line to 'False'
[0.884s] [34mcolcon.colcon_core.verb[0m [1;30mLevel 5[0m set package 'alohax_urdf' build argument 'cmake_force_configure' from command line to 'False'
[0.884s] [34mcolcon.colcon_core.verb[0m [1;30mLevel 5[0m set package 'alohax_urdf' build argument 'ament_cmake_args' from command line to 'None'
[0.884s] [34mcolcon.colcon_core.verb[0m [1;30mLevel 5[0m set package 'alohax_urdf' build argument 'catkin_cmake_args' from command line to 'None'
[0.884s] [34mcolcon.colcon_core.verb[0m [1;30mLevel 5[0m set package 'alohax_urdf' build argument 'catkin_skip_building_tests' from command line to 'False'
[0.885s] [34mcolcon.colcon_core.verb[0m [1;30mDEBUG[0m [32mBuilding package 'alohax_urdf' with the following arguments: {'ament_cmake_args': None, 'build_base': '/home/seeed/alohax_ws/build/alohax_urdf', 'catkin_cmake_args': None, 'catkin_skip_building_tests': False, 'cmake_args': None, 'cmake_clean_cache': False, 'cmake_clean_first': False, 'cmake_force_configure': False, 'cmake_target': None, 'cmake_target_skip_unavailable': False, 'install_base': '/home/seeed/alohax_ws/install/alohax_urdf', 'merge_install': False, 'path': '/home/seeed/alohax_ws/src/alohax_urdf', 'symlink_install': True, 'test_result_base': None}[0m
[0.885s] [34mcolcon.colcon_core.verb[0m [1;30mLevel 5[0m set package 'alohax_moveit_config' build argument 'cmake_args' from command line to 'None'
[0.885s] [34mcolcon.colcon_core.verb[0m [1;30mLevel 5[0m set package 'alohax_moveit_config' build argument 'cmake_target' from command line to 'None'
[0.885s] [34mcolcon.colcon_core.verb[0m [1;30mLevel 5[0m set package 'alohax_moveit_config' build argument 'cmake_target_skip_unavailable' from command line to 'False'
[0.885s] [34mcolcon.colcon_core.verb[0m [1;30mLevel 5[0m set package 'alohax_moveit_config' build argument 'cmake_clean_cache' from command line to 'False'
[0.885s] [34mcolcon.colcon_core.verb[0m [1;30mLevel 5[0m set package 'alohax_moveit_config' build argument 'cmake_clean_first' from command line to 'False'
[0.885s] [34mcolcon.colcon_core.verb[0m [1;30mLevel 5[0m set package 'alohax_moveit_config' build argument 'cmake_force_configure' from command line to 'False'
[0.885s] [34mcolcon.colcon_core.verb[0m [1;30mLevel 5[0m set package 'alohax_moveit_config' build argument 'ament_cmake_args' from command line to 'None'
[0.885s] [34mcolcon.colcon_core.verb[0m [1;30mLevel 5[0m set package 'alohax_moveit_config' build argument 'catkin_cmake_args' from command line to 'None'
[0.885s] [34mcolcon.colcon_core.verb[0m [1;30mLevel 5[0m set package 'alohax_moveit_config' build argument 'catkin_skip_building_tests' from command line to 'False'
[0.885s] [34mcolcon.colcon_core.verb[0m [1;30mDEBUG[0m [32mBuilding package 'alohax_moveit_config' with the following arguments: {'ament_cmake_args': None, 'build_base': '/home/seeed/alohax_ws/build/alohax_moveit_config', 'catkin_cmake_args': None, 'catkin_skip_building_tests': False, 'cmake_args': None, 'cmake_clean_cache': False, 'cmake_clean_first': False, 'cmake_force_configure': False, 'cmake_target': None, 'cmake_target_skip_unavailable': False, 'install_base': '/home/seeed/alohax_ws/install/alohax_moveit_config', 'merge_install': False, 'path': '/home/seeed/alohax_ws/src/alohax_moveit_config', 'symlink_install': True, 'test_result_base': None}[0m
[0.886s] [34mcolcon.colcon_core.verb[0m [1;30mLevel 5[0m set package 'alohax_bringup' build argument 'cmake_args' from command line to 'None'
[0.886s] [34mcolcon.colcon_core.verb[0m [1;30mLevel 5[0m set package 'alohax_bringup' build argument 'cmake_target' from command line to 'None'
[0.886s] [34mcolcon.colcon_core.verb[0m [1;30mLevel 5[0m set package 'alohax_bringup' build argument 'cmake_target_skip_unavailable' from command line to 'False'
[0.886s] [34mcolcon.colcon_core.verb[0m [1;30mLevel 5[0m set package 'alohax_bringup' build argument 'cmake_clean_cache' from command line to 'False'
[0.886s] [34mcolcon.colcon_core.verb[0m [1;30mLevel 5[0m set package 'alohax_bringup' build argument 'cmake_clean_first' from command line to 'False'
[0.886s] [34mcolcon.colcon_core.verb[0m [1;30mLevel 5[0m set package 'alohax_bringup' build argument 'cmake_force_configure' from command line to 'False'
[0.886s] [34mcolcon.colcon_core.verb[0m [1;30mLevel 5[0m set package 'alohax_bringup' build argument 'ament_cmake_args' from command line to 'None'
[0.886s] [34mcolcon.colcon_core.verb[0m [1;30mLevel 5[0m set package 'alohax_bringup' build argument 'catkin_cmake_args' from command line to 'None'
[0.886s] [34mcolcon.colcon_core.verb[0m [1;30mLevel 5[0m set package 'alohax_bringup' build argument 'catkin_skip_building_tests' from command line to 'False'
[0.886s] [34mcolcon.colcon_core.verb[0m [1;30mDEBUG[0m [32mBuilding package 'alohax_bringup' with the following arguments: {'ament_cmake_args': None, 'build_base': '/home/seeed/alohax_ws/build/alohax_bringup', 'catkin_cmake_args': None, 'catkin_skip_building_tests': False, 'cmake_args': None, 'cmake_clean_cache': False, 'cmake_clean_first': False, 'cmake_force_configure': False, 'cmake_target': None, 'cmake_target_skip_unavailable': False, 'install_base': '/home/seeed/alohax_ws/install/alohax_bringup', 'merge_install': False, 'path': '/home/seeed/alohax_ws/src/alohax_bringup', 'symlink_install': True, 'test_result_base': None}[0m
[0.887s] [34mcolcon.colcon_core.executor[0m [1;30mINFO[0m Executing jobs using 'parallel' executor
[0.888s] [34mcolcon.colcon_parallel_executor.executor.parallel[0m [1;30mDEBUG[0m [32mrun_until_complete[0m
[0.889s] [34mcolcon.colcon_ros.task.ament_cmake.build[0m [1;30mINFO[0m Building ROS package in '/home/seeed/alohax_ws/src/alohax_urdf' with build type 'ament_cmake'
[0.889s] [34mcolcon.colcon_cmake.task.cmake.build[0m [1;30mINFO[0m Building CMake package in '/home/seeed/alohax_ws/src/alohax_urdf'
[0.893s] [34mcolcon.colcon_core.plugin_system[0m [1;30mINFO[0m Skipping extension 'colcon_core.shell.bat': Not used on non-Windows systems
[0.893s] [34mcolcon.colcon_core.shell[0m [1;30mINFO[0m Skip shell extension 'powershell' for command environment: Not usable outside of PowerShell
[0.893s] [34mcolcon.colcon_core.shell[0m [1;30mDEBUG[0m [32mSkip shell extension 'dsv' for command environment[0m
[0.899s] [34mcolcon.colcon_ros.task.ament_python.build[0m [1;30mINFO[0m Building ROS package in '/home/seeed/alohax_ws/src/alohax_hw_bridge' with build type 'ament_python'
[0.900s] [34mcolcon.colcon_core.shell[0m [1;30mLevel 1[0m create_environment_hook('alohax_hw_bridge', 'ament_prefix_path')
[0.900s] [34mcolcon.colcon_core.shell[0m [1;30mINFO[0m Creating environment hook '/home/seeed/alohax_ws/install/alohax_hw_bridge/share/alohax_hw_bridge/hook/ament_prefix_path.ps1'
[0.902s] [34mcolcon.colcon_core.shell[0m [1;30mINFO[0m Creating environment descriptor '/home/seeed/alohax_ws/install/alohax_hw_bridge/share/alohax_hw_bridge/hook/ament_prefix_path.dsv'
[0.903s] [34mcolcon.colcon_core.shell[0m [1;30mINFO[0m Creating environment hook '/home/seeed/alohax_ws/install/alohax_hw_bridge/share/alohax_hw_bridge/hook/ament_prefix_path.sh'
[0.904s] [34mcolcon.colcon_core.shell[0m [1;30mINFO[0m Skip shell extension 'powershell' for command environment: Not usable outside of PowerShell
[0.904s] [34mcolcon.colcon_core.shell[0m [1;30mDEBUG[0m [32mSkip shell extension 'dsv' for command environment[0m
[0.915s] [34mcolcon.colcon_core.event_handler.log_command[0m [1;30mDEBUG[0m [32mInvoking command in '/home/seeed/alohax_ws/build/alohax_urdf': CMAKE_PREFIX_PATH=/opt/ros/humble /usr/bin/cmake --build /home/seeed/alohax_ws/build/alohax_urdf -- -j6 -l6[0m
[1.551s] [34mcolcon.colcon_core.task.python.build[0m [1;30mINFO[0m Building Python package in '/home/seeed/alohax_ws/src/alohax_hw_bridge'
[1.552s] [34mcolcon.colcon_core.shell[0m [1;30mINFO[0m Skip shell extension 'powershell' for command environment: Not usable outside of PowerShell
[1.552s] [34mcolcon.colcon_core.shell[0m [1;30mDEBUG[0m [32mSkip shell extension 'dsv' for command environment[0m
[1.559s] [34mcolcon.colcon_core.event_handler.log_command[0m [1;30mDEBUG[0m [32mInvoked command in '/home/seeed/alohax_ws/build/alohax_urdf' returned '0': CMAKE_PREFIX_PATH=/opt/ros/humble /usr/bin/cmake --build /home/seeed/alohax_ws/build/alohax_urdf -- -j6 -l6[0m
[1.575s] [34mcolcon.colcon_core.event_handler.log_command[0m [1;30mDEBUG[0m [32mInvoking command in '/home/seeed/alohax_ws/build/alohax_urdf': CMAKE_PREFIX_PATH=/opt/ros/humble /usr/bin/cmake --install /home/seeed/alohax_ws/build/alohax_urdf[0m
[1.619s] [34mcolcon.colcon_core.environment[0m [1;30mLevel 1[0m create_environment_scripts_only(alohax_urdf)
[1.620s] [34mcolcon.colcon_core.event_handler.log_command[0m [1;30mDEBUG[0m [32mInvoked command in '/home/seeed/alohax_ws/build/alohax_urdf' returned '0': CMAKE_PREFIX_PATH=/opt/ros/humble /usr/bin/cmake --install /home/seeed/alohax_ws/build/alohax_urdf[0m
[1.624s] [34mcolcon.colcon_core.environment[0m [1;30mLevel 1[0m checking '/home/seeed/alohax_ws/install/alohax_urdf' for CMake module files
[1.625s] [34mcolcon.colcon_core.environment[0m [1;30mLevel 1[0m checking '/home/seeed/alohax_ws/install/alohax_urdf' for CMake config files
[1.626s] [34mcolcon.colcon_core.shell[0m [1;30mLevel 1[0m create_environment_hook('alohax_urdf', 'cmake_prefix_path')
[1.626s] [34mcolcon.colcon_core.shell[0m [1;30mINFO[0m Creating environment hook '/home/seeed/alohax_ws/install/alohax_urdf/share/alohax_urdf/hook/cmake_prefix_path.ps1'
[1.627s] [34mcolcon.colcon_core.shell[0m [1;30mINFO[0m Creating environment descriptor '/home/seeed/alohax_ws/install/alohax_urdf/share/alohax_urdf/hook/cmake_prefix_path.dsv'
[1.628s] [34mcolcon.colcon_core.shell[0m [1;30mINFO[0m Creating environment hook '/home/seeed/alohax_ws/install/alohax_urdf/share/alohax_urdf/hook/cmake_prefix_path.sh'
[1.629s] [34mcolcon.colcon_core.environment[0m [1;30mLevel 1[0m checking '/home/seeed/alohax_ws/install/alohax_urdf/lib'
[1.629s] [34mcolcon.colcon_core.environment[0m [1;30mLevel 1[0m checking '/home/seeed/alohax_ws/install/alohax_urdf/bin'
[1.629s] [34mcolcon.colcon_core.environment[0m [1;30mLevel 1[0m checking '/home/seeed/alohax_ws/install/alohax_urdf/lib/pkgconfig/alohax_urdf.pc'
[1.630s] [34mcolcon.colcon_core.environment[0m [1;30mLevel 1[0m checking '/home/seeed/alohax_ws/install/alohax_urdf/lib/python3.10/site-packages'
[1.630s] [34mcolcon.colcon_core.environment[0m [1;30mLevel 1[0m checking '/home/seeed/alohax_ws/install/alohax_urdf/bin'
[1.631s] [34mcolcon.colcon_core.shell[0m [1;30mINFO[0m Creating package script '/home/seeed/alohax_ws/install/alohax_urdf/share/alohax_urdf/package.ps1'
[1.633s] [34mcolcon.colcon_core.shell[0m [1;30mINFO[0m Creating package descriptor '/home/seeed/alohax_ws/install/alohax_urdf/share/alohax_urdf/package.dsv'
[1.634s] [34mcolcon.colcon_core.shell[0m [1;30mINFO[0m Creating package script '/home/seeed/alohax_ws/install/alohax_urdf/share/alohax_urdf/package.sh'
[1.636s] [34mcolcon.colcon_core.shell[0m [1;30mINFO[0m Creating package script '/home/seeed/alohax_ws/install/alohax_urdf/share/alohax_urdf/package.bash'
[1.637s] [34mcolcon.colcon_core.shell[0m [1;30mINFO[0m Creating package script '/home/seeed/alohax_ws/install/alohax_urdf/share/alohax_urdf/package.zsh'
[1.638s] [34mcolcon.colcon_core.environment[0m [1;30mLevel 1[0m create_file_with_runtime_dependencies(/home/seeed/alohax_ws/install/alohax_urdf/share/colcon-core/packages/alohax_urdf)
[1.640s] [34mcolcon.colcon_core.environment[0m [1;30mLevel 1[0m create_environment_scripts_only(alohax_urdf)
[1.640s] [34mcolcon.colcon_core.environment[0m [1;30mLevel 1[0m checking '/home/seeed/alohax_ws/install/alohax_urdf' for CMake module files
[1.641s] [34mcolcon.colcon_core.environment[0m [1;30mLevel 1[0m checking '/home/seeed/alohax_ws/install/alohax_urdf' for CMake config files
[1.642s] [34mcolcon.colcon_core.shell[0m [1;30mLevel 1[0m create_environment_hook('alohax_urdf', 'cmake_prefix_path')
[1.642s] [34mcolcon.colcon_core.shell[0m [1;30mINFO[0m Creating environment hook '/home/seeed/alohax_ws/install/alohax_urdf/share/alohax_urdf/hook/cmake_prefix_path.ps1'
[1.643s] [34mcolcon.colcon_core.shell[0m [1;30mINFO[0m Creating environment descriptor '/home/seeed/alohax_ws/install/alohax_urdf/share/alohax_urdf/hook/cmake_prefix_path.dsv'
[1.644s] [34mcolcon.colcon_core.shell[0m [1;30mINFO[0m Creating environment hook '/home/seeed/alohax_ws/install/alohax_urdf/share/alohax_urdf/hook/cmake_prefix_path.sh'
[1.645s] [34mcolcon.colcon_core.environment[0m [1;30mLevel 1[0m checking '/home/seeed/alohax_ws/install/alohax_urdf/lib'
[1.645s] [34mcolcon.colcon_core.environment[0m [1;30mLevel 1[0m checking '/home/seeed/alohax_ws/install/alohax_urdf/bin'
[1.645s] [34mcolcon.colcon_core.environment[0m [1;30mLevel 1[0m checking '/home/seeed/alohax_ws/install/alohax_urdf/lib/pkgconfig/alohax_urdf.pc'
[1.645s] [34mcolcon.colcon_core.environment[0m [1;30mLevel 1[0m checking '/home/seeed/alohax_ws/install/alohax_urdf/lib/python3.10/site-packages'
[1.646s] [34mcolcon.colcon_core.environment[0m [1;30mLevel 1[0m checking '/home/seeed/alohax_ws/install/alohax_urdf/bin'
[1.647s] [34mcolcon.colcon_core.shell[0m [1;30mINFO[0m Creating package script '/home/seeed/alohax_ws/install/alohax_urdf/share/alohax_urdf/package.ps1'
[1.648s] [34mcolcon.colcon_core.shell[0m [1;30mINFO[0m Creating package descriptor '/home/seeed/alohax_ws/install/alohax_urdf/share/alohax_urdf/package.dsv'
[1.649s] [34mcolcon.colcon_core.shell[0m [1;30mINFO[0m Creating package script '/home/seeed/alohax_ws/install/alohax_urdf/share/alohax_urdf/package.sh'
[1.649s] [34mcolcon.colcon_core.shell[0m [1;30mINFO[0m Creating package script '/home/seeed/alohax_ws/install/alohax_urdf/share/alohax_urdf/package.bash'
[1.650s] [34mcolcon.colcon_core.shell[0m [1;30mINFO[0m Creating package script '/home/seeed/alohax_ws/install/alohax_urdf/share/alohax_urdf/package.zsh'
[1.651s] [34mcolcon.colcon_core.environment[0m [1;30mLevel 1[0m create_file_with_runtime_dependencies(/home/seeed/alohax_ws/install/alohax_urdf/share/colcon-core/packages/alohax_urdf)
[1.651s] [34mcolcon.colcon_ros.task.ament_cmake.build[0m [1;30mINFO[0m Building ROS package in '/home/seeed/alohax_ws/src/alohax_moveit_config' with build type 'ament_cmake'
[1.652s] [34mcolcon.colcon_cmake.task.cmake.build[0m [1;30mINFO[0m Building CMake package in '/home/seeed/alohax_ws/src/alohax_moveit_config'
[1.652s] [34mcolcon.colcon_core.shell[0m [1;30mINFO[0m Skip shell extension 'powershell' for command environment: Not usable outside of PowerShell
[1.652s] [34mcolcon.colcon_core.shell[0m [1;30mDEBUG[0m [32mSkip shell extension 'dsv' for command environment[0m
[1.665s] [34mcolcon.colcon_core.event_handler.log_command[0m [1;30mDEBUG[0m [32mInvoking command in '/home/seeed/alohax_ws/build/alohax_moveit_config': AMENT_PREFIX_PATH=/home/seeed/alohax_ws/install/alohax_urdf:${AMENT_PREFIX_PATH} CMAKE_PREFIX_PATH=/home/seeed/alohax_ws/install/alohax_urdf:/opt/ros/humble /usr/bin/cmake --build /home/seeed/alohax_ws/build/alohax_moveit_config -- -j6 -l6[0m
[1.725s] [34mcolcon.colcon_core.event_handler.log_command[0m [1;30mDEBUG[0m [32mInvoked command in '/home/seeed/alohax_ws/build/alohax_moveit_config' returned '0': AMENT_PREFIX_PATH=/home/seeed/alohax_ws/install/alohax_urdf:${AMENT_PREFIX_PATH} CMAKE_PREFIX_PATH=/home/seeed/alohax_ws/install/alohax_urdf:/opt/ros/humble /usr/bin/cmake --build /home/seeed/alohax_ws/build/alohax_moveit_config -- -j6 -l6[0m
[1.728s] [34mcolcon.colcon_core.event_handler.log_command[0m [1;30mDEBUG[0m [32mInvoking command in '/home/seeed/alohax_ws/build/alohax_moveit_config': AMENT_PREFIX_PATH=/home/seeed/alohax_ws/install/alohax_urdf:${AMENT_PREFIX_PATH} CMAKE_PREFIX_PATH=/home/seeed/alohax_ws/install/alohax_urdf:/opt/ros/humble /usr/bin/cmake --install /home/seeed/alohax_ws/build/alohax_moveit_config[0m
[1.762s] [34mcolcon.colcon_core.environment[0m [1;30mLevel 1[0m create_environment_scripts_only(alohax_moveit_config)
[1.762s] [34mcolcon.colcon_core.environment[0m [1;30mLevel 1[0m checking '/home/seeed/alohax_ws/install/alohax_moveit_config' for CMake module files
[1.763s] [34mcolcon.colcon_core.event_handler.log_command[0m [1;30mDEBUG[0m [32mInvoked command in '/home/seeed/alohax_ws/build/alohax_moveit_config' returned '0': AMENT_PREFIX_PATH=/home/seeed/alohax_ws/install/alohax_urdf:${AMENT_PREFIX_PATH} CMAKE_PREFIX_PATH=/home/seeed/alohax_ws/install/alohax_urdf:/opt/ros/humble /usr/bin/cmake --install /home/seeed/alohax_ws/build/alohax_moveit_config[0m
[1.764s] [34mcolcon.colcon_core.environment[0m [1;30mLevel 1[0m checking '/home/seeed/alohax_ws/install/alohax_moveit_config' for CMake config files
[1.765s] [34mcolcon.colcon_core.shell[0m [1;30mLevel 1[0m create_environment_hook('alohax_moveit_config', 'cmake_prefix_path')
[1.765s] [34mcolcon.colcon_core.shell[0m [1;30mINFO[0m Creating environment hook '/home/seeed/alohax_ws/install/alohax_moveit_config/share/alohax_moveit_config/hook/cmake_prefix_path.ps1'
[1.766s] [34mcolcon.colcon_core.shell[0m [1;30mINFO[0m Creating environment descriptor '/home/seeed/alohax_ws/install/alohax_moveit_config/share/alohax_moveit_config/hook/cmake_prefix_path.dsv'
[1.767s] [34mcolcon.colcon_core.shell[0m [1;30mINFO[0m Creating environment hook '/home/seeed/alohax_ws/install/alohax_moveit_config/share/alohax_moveit_config/hook/cmake_prefix_path.sh'
[1.768s] [34mcolcon.colcon_core.environment[0m [1;30mLevel 1[0m checking '/home/seeed/alohax_ws/install/alohax_moveit_config/bin'
[1.768s] [34mcolcon.colcon_core.environment[0m [1;30mLevel 1[0m checking '/home/seeed/alohax_ws/install/alohax_moveit_config/lib/pkgconfig/alohax_moveit_config.pc'
[1.768s] [34mcolcon.colcon_core.environment[0m [1;30mLevel 1[0m checking '/home/seeed/alohax_ws/install/alohax_moveit_config/lib/python3.10/site-packages'
[1.769s] [34mcolcon.colcon_core.environment[0m [1;30mLevel 1[0m checking '/home/seeed/alohax_ws/install/alohax_moveit_config/bin'
[1.769s] [34mcolcon.colcon_core.shell[0m [1;30mINFO[0m Creating package script '/home/seeed/alohax_ws/install/alohax_moveit_config/share/alohax_moveit_config/package.ps1'
[1.770s] [34mcolcon.colcon_core.shell[0m [1;30mINFO[0m Creating package descriptor '/home/seeed/alohax_ws/install/alohax_moveit_config/share/alohax_moveit_config/package.dsv'
[1.771s] [34mcolcon.colcon_core.shell[0m [1;30mINFO[0m Creating package script '/home/seeed/alohax_ws/install/alohax_moveit_config/share/alohax_moveit_config/package.sh'
[1.772s] [34mcolcon.colcon_core.shell[0m [1;30mINFO[0m Creating package script '/home/seeed/alohax_ws/install/alohax_moveit_config/share/alohax_moveit_config/package.bash'
[1.772s] [34mcolcon.colcon_core.shell[0m [1;30mINFO[0m Creating package script '/home/seeed/alohax_ws/install/alohax_moveit_config/share/alohax_moveit_config/package.zsh'
[1.773s] [34mcolcon.colcon_core.environment[0m [1;30mLevel 1[0m create_file_with_runtime_dependencies(/home/seeed/alohax_ws/install/alohax_moveit_config/share/colcon-core/packages/alohax_moveit_config)
[1.774s] [34mcolcon.colcon_core.environment[0m [1;30mLevel 1[0m create_environment_scripts_only(alohax_moveit_config)
[1.774s] [34mcolcon.colcon_core.environment[0m [1;30mLevel 1[0m checking '/home/seeed/alohax_ws/install/alohax_moveit_config' for CMake module files
[1.775s] [34mcolcon.colcon_core.environment[0m [1;30mLevel 1[0m checking '/home/seeed/alohax_ws/install/alohax_moveit_config' for CMake config files
[1.776s] [34mcolcon.colcon_core.shell[0m [1;30mLevel 1[0m create_environment_hook('alohax_moveit_config', 'cmake_prefix_path')
[1.776s] [34mcolcon.colcon_core.shell[0m [1;30mINFO[0m Creating environment hook '/home/seeed/alohax_ws/install/alohax_moveit_config/share/alohax_moveit_config/hook/cmake_prefix_path.ps1'
[1.777s] [34mcolcon.colcon_core.shell[0m [1;30mINFO[0m Creating environment descriptor '/home/seeed/alohax_ws/install/alohax_moveit_config/share/alohax_moveit_config/hook/cmake_prefix_path.dsv'
[1.778s] [34mcolcon.colcon_core.shell[0m [1;30mINFO[0m Creating environment hook '/home/seeed/alohax_ws/install/alohax_moveit_config/share/alohax_moveit_config/hook/cmake_prefix_path.sh'
[1.779s] [34mcolcon.colcon_core.environment[0m [1;30mLevel 1[0m checking '/home/seeed/alohax_ws/install/alohax_moveit_config/bin'
[1.779s] [34mcolcon.colcon_core.environment[0m [1;30mLevel 1[0m checking '/home/seeed/alohax_ws/install/alohax_moveit_config/lib/pkgconfig/alohax_moveit_config.pc'
[1.779s] [34mcolcon.colcon_core.environment[0m [1;30mLevel 1[0m checking '/home/seeed/alohax_ws/install/alohax_moveit_config/lib/python3.10/site-packages'
[1.780s] [34mcolcon.colcon_core.environment[0m [1;30mLevel 1[0m checking '/home/seeed/alohax_ws/install/alohax_moveit_config/bin'
[1.780s] [34mcolcon.colcon_core.shell[0m [1;30mINFO[0m Creating package script '/home/seeed/alohax_ws/install/alohax_moveit_config/share/alohax_moveit_config/package.ps1'
[1.781s] [34mcolcon.colcon_core.shell[0m [1;30mINFO[0m Creating package descriptor '/home/seeed/alohax_ws/install/alohax_moveit_config/share/alohax_moveit_config/package.dsv'
[1.782s] [34mcolcon.colcon_core.shell[0m [1;30mINFO[0m Creating package script '/home/seeed/alohax_ws/install/alohax_moveit_config/share/alohax_moveit_config/package.sh'
[1.784s] [34mcolcon.colcon_core.shell[0m [1;30mINFO[0m Creating package script '/home/seeed/alohax_ws/install/alohax_moveit_config/share/alohax_moveit_config/package.bash'
[1.784s] [34mcolcon.colcon_core.shell[0m [1;30mINFO[0m Creating package script '/home/seeed/alohax_ws/install/alohax_moveit_config/share/alohax_moveit_config/package.zsh'
[1.785s] [34mcolcon.colcon_core.environment[0m [1;30mLevel 1[0m create_file_with_runtime_dependencies(/home/seeed/alohax_ws/install/alohax_moveit_config/share/colcon-core/packages/alohax_moveit_config)
[2.409s] [34mcolcon.colcon_core.event_handler.log_command[0m [1;30mDEBUG[0m [32mInvoking command in '/home/seeed/alohax_ws/build/alohax_hw_bridge': PYTHONPATH=/home/seeed/alohax_ws/build/alohax_hw_bridge/prefix_override:/usr/lib/python3/dist-packages/colcon_core/task/python/colcon_distutils_commands:/home/seeed/alohax_ws/install/alohax_hw_bridge/lib/python3.10/site-packages:${PYTHONPATH} /usr/bin/python3 -W ignore:setup.py install is deprecated -W ignore:easy_install command is deprecated setup.py develop --editable --build-directory /home/seeed/alohax_ws/build/alohax_hw_bridge/build --no-deps symlink_data[0m
[3.643s] [34mcolcon.colcon_core.shell[0m [1;30mLevel 1[0m create_environment_hook('alohax_hw_bridge', 'pythonpath_develop')
[3.643s] [34mcolcon.colcon_core.shell[0m [1;30mINFO[0m Creating environment hook '/home/seeed/alohax_ws/build/alohax_hw_bridge/share/alohax_hw_bridge/hook/pythonpath_develop.ps1'
[3.644s] [34mcolcon.colcon_core.event_handler.log_command[0m [1;30mDEBUG[0m [32mInvoked command in '/home/seeed/alohax_ws/build/alohax_hw_bridge' returned '0': PYTHONPATH=/home/seeed/alohax_ws/build/alohax_hw_bridge/prefix_override:/usr/lib/python3/dist-packages/colcon_core/task/python/colcon_distutils_commands:/home/seeed/alohax_ws/install/alohax_hw_bridge/lib/python3.10/site-packages:${PYTHONPATH} /usr/bin/python3 -W ignore:setup.py install is deprecated -W ignore:easy_install command is deprecated setup.py develop --editable --build-directory /home/seeed/alohax_ws/build/alohax_hw_bridge/build --no-deps symlink_data[0m
[3.645s] [34mcolcon.colcon_core.shell[0m [1;30mINFO[0m Creating environment descriptor '/home/seeed/alohax_ws/build/alohax_hw_bridge/share/alohax_hw_bridge/hook/pythonpath_develop.dsv'
[3.646s] [34mcolcon.colcon_core.shell[0m [1;30mINFO[0m Creating environment hook '/home/seeed/alohax_ws/build/alohax_hw_bridge/share/alohax_hw_bridge/hook/pythonpath_develop.sh'
[3.647s] [34mcolcon.colcon_core.environment[0m [1;30mLevel 1[0m checking '/home/seeed/alohax_ws/install/alohax_hw_bridge' for CMake module files
[3.647s] [34mcolcon.colcon_core.environment[0m [1;30mLevel 1[0m checking '/home/seeed/alohax_ws/install/alohax_hw_bridge' for CMake config files
[3.648s] [34mcolcon.colcon_core.environment[0m [1;30mLevel 1[0m checking '/home/seeed/alohax_ws/install/alohax_hw_bridge/lib'
[3.649s] [34mcolcon.colcon_core.environment[0m [1;30mLevel 1[0m checking '/home/seeed/alohax_ws/install/alohax_hw_bridge/bin'
[3.649s] [34mcolcon.colcon_core.environment[0m [1;30mLevel 1[0m checking '/home/seeed/alohax_ws/install/alohax_hw_bridge/lib/pkgconfig/alohax_hw_bridge.pc'
[3.649s] [34mcolcon.colcon_core.environment[0m [1;30mLevel 1[0m checking '/home/seeed/alohax_ws/install/alohax_hw_bridge/lib/python3.10/site-packages'
[3.649s] [34mcolcon.colcon_core.shell[0m [1;30mLevel 1[0m create_environment_hook('alohax_hw_bridge', 'pythonpath')
[3.650s] [34mcolcon.colcon_core.shell[0m [1;30mINFO[0m Creating environment hook '/home/seeed/alohax_ws/install/alohax_hw_bridge/share/alohax_hw_bridge/hook/pythonpath.ps1'
[3.650s] [34mcolcon.colcon_core.shell[0m [1;30mINFO[0m Creating environment descriptor '/home/seeed/alohax_ws/install/alohax_hw_bridge/share/alohax_hw_bridge/hook/pythonpath.dsv'
[3.651s] [34mcolcon.colcon_core.shell[0m [1;30mINFO[0m Creating environment hook '/home/seeed/alohax_ws/install/alohax_hw_bridge/share/alohax_hw_bridge/hook/pythonpath.sh'
[3.652s] [34mcolcon.colcon_core.environment[0m [1;30mLevel 1[0m checking '/home/seeed/alohax_ws/install/alohax_hw_bridge/bin'
[3.652s] [34mcolcon.colcon_core.environment[0m [1;30mLevel 1[0m create_environment_scripts_only(alohax_hw_bridge)
[3.653s] [34mcolcon.colcon_core.shell[0m [1;30mINFO[0m Creating package script '/home/seeed/alohax_ws/install/alohax_hw_bridge/share/alohax_hw_bridge/package.ps1'
[3.654s] [34mcolcon.colcon_core.shell[0m [1;30mINFO[0m Creating package descriptor '/home/seeed/alohax_ws/install/alohax_hw_bridge/share/alohax_hw_bridge/package.dsv'
[3.655s] [34mcolcon.colcon_core.shell[0m [1;30mINFO[0m Creating package script '/home/seeed/alohax_ws/install/alohax_hw_bridge/share/alohax_hw_bridge/package.sh'
[3.656s] [34mcolcon.colcon_core.shell[0m [1;30mINFO[0m Creating package script '/home/seeed/alohax_ws/install/alohax_hw_bridge/share/alohax_hw_bridge/package.bash'
[3.656s] [34mcolcon.colcon_core.shell[0m [1;30mINFO[0m Creating package script '/home/seeed/alohax_ws/install/alohax_hw_bridge/share/alohax_hw_bridge/package.zsh'
[3.657s] [34mcolcon.colcon_core.environment[0m [1;30mLevel 1[0m create_file_with_runtime_dependencies(/home/seeed/alohax_ws/install/alohax_hw_bridge/share/colcon-core/packages/alohax_hw_bridge)
[3.657s] [34mcolcon.colcon_ros.task.ament_cmake.build[0m [1;30mINFO[0m Building ROS package in '/home/seeed/alohax_ws/src/alohax_bringup' with build type 'ament_cmake'
[3.658s] [34mcolcon.colcon_cmake.task.cmake.build[0m [1;30mINFO[0m Building CMake package in '/home/seeed/alohax_ws/src/alohax_bringup'
[3.658s] [34mcolcon.colcon_core.shell[0m [1;30mINFO[0m Skip shell extension 'powershell' for command environment: Not usable outside of PowerShell
[3.658s] [34mcolcon.colcon_core.shell[0m [1;30mDEBUG[0m [32mSkip shell extension 'dsv' for command environment[0m
[3.674s] [34mcolcon.colcon_core.event_handler.log_command[0m [1;30mDEBUG[0m [32mInvoking command in '/home/seeed/alohax_ws/build/alohax_bringup': AMENT_PREFIX_PATH=/home/seeed/alohax_ws/install/alohax_moveit_config:/home/seeed/alohax_ws/install/alohax_urdf:/home/seeed/alohax_ws/install/alohax_hw_bridge:${AMENT_PREFIX_PATH} CMAKE_PREFIX_PATH=/home/seeed/alohax_ws/install/alohax_moveit_config:/home/seeed/alohax_ws/install/alohax_urdf:/opt/ros/humble PYTHONPATH=/home/seeed/alohax_ws/build/alohax_hw_bridge:/home/seeed/alohax_ws/install/alohax_hw_bridge/lib/python3.10/site-packages:${PYTHONPATH} /usr/bin/cmake --build /home/seeed/alohax_ws/build/alohax_bringup -- -j6 -l6[0m
[3.731s] [34mcolcon.colcon_core.event_handler.log_command[0m [1;30mDEBUG[0m [32mInvoked command in '/home/seeed/alohax_ws/build/alohax_bringup' returned '0': AMENT_PREFIX_PATH=/home/seeed/alohax_ws/install/alohax_moveit_config:/home/seeed/alohax_ws/install/alohax_urdf:/home/seeed/alohax_ws/install/alohax_hw_bridge:${AMENT_PREFIX_PATH} CMAKE_PREFIX_PATH=/home/seeed/alohax_ws/install/alohax_moveit_config:/home/seeed/alohax_ws/install/alohax_urdf:/opt/ros/humble PYTHONPATH=/home/seeed/alohax_ws/build/alohax_hw_bridge:/home/seeed/alohax_ws/install/alohax_hw_bridge/lib/python3.10/site-packages:${PYTHONPATH} /usr/bin/cmake --build /home/seeed/alohax_ws/build/alohax_bringup -- -j6 -l6[0m
[3.734s] [34mcolcon.colcon_core.event_handler.log_command[0m [1;30mDEBUG[0m [32mInvoking command in '/home/seeed/alohax_ws/build/alohax_bringup': AMENT_PREFIX_PATH=/home/seeed/alohax_ws/install/alohax_moveit_config:/home/seeed/alohax_ws/install/alohax_urdf:/home/seeed/alohax_ws/install/alohax_hw_bridge:${AMENT_PREFIX_PATH} CMAKE_PREFIX_PATH=/home/seeed/alohax_ws/install/alohax_moveit_config:/home/seeed/alohax_ws/install/alohax_urdf:/opt/ros/humble PYTHONPATH=/home/seeed/alohax_ws/build/alohax_hw_bridge:/home/seeed/alohax_ws/install/alohax_hw_bridge/lib/python3.10/site-packages:${PYTHONPATH} /usr/bin/cmake --install /home/seeed/alohax_ws/build/alohax_bringup[0m
[3.768s] [34mcolcon.colcon_core.environment[0m [1;30mLevel 1[0m create_environment_scripts_only(alohax_bringup)
[3.769s] [34mcolcon.colcon_core.environment[0m [1;30mLevel 1[0m checking '/home/seeed/alohax_ws/install/alohax_bringup' for CMake module files
[3.769s] [34mcolcon.colcon_core.event_handler.log_command[0m [1;30mDEBUG[0m [32mInvoked command in '/home/seeed/alohax_ws/build/alohax_bringup' returned '0': AMENT_PREFIX_PATH=/home/seeed/alohax_ws/install/alohax_moveit_config:/home/seeed/alohax_ws/install/alohax_urdf:/home/seeed/alohax_ws/install/alohax_hw_bridge:${AMENT_PREFIX_PATH} CMAKE_PREFIX_PATH=/home/seeed/alohax_ws/install/alohax_moveit_config:/home/seeed/alohax_ws/install/alohax_urdf:/opt/ros/humble PYTHONPATH=/home/seeed/alohax_ws/build/alohax_hw_bridge:/home/seeed/alohax_ws/install/alohax_hw_bridge/lib/python3.10/site-packages:${PYTHONPATH} /usr/bin/cmake --install /home/seeed/alohax_ws/build/alohax_bringup[0m
[3.770s] [34mcolcon.colcon_core.environment[0m [1;30mLevel 1[0m checking '/home/seeed/alohax_ws/install/alohax_bringup' for CMake config files
[3.771s] [34mcolcon.colcon_core.shell[0m [1;30mLevel 1[0m create_environment_hook('alohax_bringup', 'cmake_prefix_path')
[3.771s] [34mcolcon.colcon_core.shell[0m [1;30mINFO[0m Creating environment hook '/home/seeed/alohax_ws/install/alohax_bringup/share/alohax_bringup/hook/cmake_prefix_path.ps1'
[3.772s] [34mcolcon.colcon_core.shell[0m [1;30mINFO[0m Creating environment descriptor '/home/seeed/alohax_ws/install/alohax_bringup/share/alohax_bringup/hook/cmake_prefix_path.dsv'
[3.773s] [34mcolcon.colcon_core.shell[0m [1;30mINFO[0m Creating environment hook '/home/seeed/alohax_ws/install/alohax_bringup/share/alohax_bringup/hook/cmake_prefix_path.sh'
[3.774s] [34mcolcon.colcon_core.environment[0m [1;30mLevel 1[0m checking '/home/seeed/alohax_ws/install/alohax_bringup/bin'
[3.774s] [34mcolcon.colcon_core.environment[0m [1;30mLevel 1[0m checking '/home/seeed/alohax_ws/install/alohax_bringup/lib/pkgconfig/alohax_bringup.pc'
[3.774s] [34mcolcon.colcon_core.environment[0m [1;30mLevel 1[0m checking '/home/seeed/alohax_ws/install/alohax_bringup/lib/python3.10/site-packages'
[3.775s] [34mcolcon.colcon_core.environment[0m [1;30mLevel 1[0m checking '/home/seeed/alohax_ws/install/alohax_bringup/bin'
[3.775s] [34mcolcon.colcon_core.shell[0m [1;30mINFO[0m Creating package script '/home/seeed/alohax_ws/install/alohax_bringup/share/alohax_bringup/package.ps1'
[3.776s] [34mcolcon.colcon_core.shell[0m [1;30mINFO[0m Creating package descriptor '/home/seeed/alohax_ws/install/alohax_bringup/share/alohax_bringup/package.dsv'
[3.777s] [34mcolcon.colcon_core.shell[0m [1;30mINFO[0m Creating package script '/home/seeed/alohax_ws/install/alohax_bringup/share/alohax_bringup/package.sh'
[3.778s] [34mcolcon.colcon_core.shell[0m [1;30mINFO[0m Creating package script '/home/seeed/alohax_ws/install/alohax_bringup/share/alohax_bringup/package.bash'
[3.779s] [34mcolcon.colcon_core.shell[0m [1;30mINFO[0m Creating package script '/home/seeed/alohax_ws/install/alohax_bringup/share/alohax_bringup/package.zsh'
[3.779s] [34mcolcon.colcon_core.environment[0m [1;30mLevel 1[0m create_file_with_runtime_dependencies(/home/seeed/alohax_ws/install/alohax_bringup/share/colcon-core/packages/alohax_bringup)
[3.780s] [34mcolcon.colcon_core.environment[0m [1;30mLevel 1[0m create_environment_scripts_only(alohax_bringup)
[3.781s] [34mcolcon.colcon_core.environment[0m [1;30mLevel 1[0m checking '/home/seeed/alohax_ws/install/alohax_bringup' for CMake module files
[3.782s] [34mcolcon.colcon_core.environment[0m [1;30mLevel 1[0m checking '/home/seeed/alohax_ws/install/alohax_bringup' for CMake config files
[3.782s] [34mcolcon.colcon_core.shell[0m [1;30mLevel 1[0m create_environment_hook('alohax_bringup', 'cmake_prefix_path')
[3.783s] [34mcolcon.colcon_core.shell[0m [1;30mINFO[0m Creating environment hook '/home/seeed/alohax_ws/install/alohax_bringup/share/alohax_bringup/hook/cmake_prefix_path.ps1'
[3.783s] [34mcolcon.colcon_core.shell[0m [1;30mINFO[0m Creating environment descriptor '/home/seeed/alohax_ws/install/alohax_bringup/share/alohax_bringup/hook/cmake_prefix_path.dsv'
[3.784s] [34mcolcon.colcon_core.shell[0m [1;30mINFO[0m Creating environment hook '/home/seeed/alohax_ws/install/alohax_bringup/share/alohax_bringup/hook/cmake_prefix_path.sh'
[3.785s] [34mcolcon.colcon_core.environment[0m [1;30mLevel 1[0m checking '/home/seeed/alohax_ws/install/alohax_bringup/bin'
[3.785s] [34mcolcon.colcon_core.environment[0m [1;30mLevel 1[0m checking '/home/seeed/alohax_ws/install/alohax_bringup/lib/pkgconfig/alohax_bringup.pc'
[3.786s] [34mcolcon.colcon_core.environment[0m [1;30mLevel 1[0m checking '/home/seeed/alohax_ws/install/alohax_bringup/lib/python3.10/site-packages'
[3.786s] [34mcolcon.colcon_core.environment[0m [1;30mLevel 1[0m checking '/home/seeed/alohax_ws/install/alohax_bringup/bin'
[3.787s] [34mcolcon.colcon_core.shell[0m [1;30mINFO[0m Creating package script '/home/seeed/alohax_ws/install/alohax_bringup/share/alohax_bringup/package.ps1'
[3.788s] [34mcolcon.colcon_core.shell[0m [1;30mINFO[0m Creating package descriptor '/home/seeed/alohax_ws/install/alohax_bringup/share/alohax_bringup/package.dsv'
[3.789s] [34mcolcon.colcon_core.shell[0m [1;30mINFO[0m Creating package script '/home/seeed/alohax_ws/install/alohax_bringup/share/alohax_bringup/package.sh'
[3.789s] [34mcolcon.colcon_core.shell[0m [1;30mINFO[0m Creating package script '/home/seeed/alohax_ws/install/alohax_bringup/share/alohax_bringup/package.bash'
[3.790s] [34mcolcon.colcon_core.shell[0m [1;30mINFO[0m Creating package script '/home/seeed/alohax_ws/install/alohax_bringup/share/alohax_bringup/package.zsh'
[3.791s] [34mcolcon.colcon_core.environment[0m [1;30mLevel 1[0m create_file_with_runtime_dependencies(/home/seeed/alohax_ws/install/alohax_bringup/share/colcon-core/packages/alohax_bringup)
[3.791s] [34mcolcon.colcon_parallel_executor.executor.parallel[0m [1;30mDEBUG[0m [32mclosing loop[0m
[3.792s] [34mcolcon.colcon_parallel_executor.executor.parallel[0m [1;30mDEBUG[0m [32mloop closed[0m
[3.792s] [34mcolcon.colcon_parallel_executor.executor.parallel[0m [1;30mDEBUG[0m [32mrun_until_complete finished with '0'[0m
[3.792s] [34mcolcon.colcon_core.event_reactor[0m [1;30mDEBUG[0m [32mjoining thread[0m
[3.793s] [34mcolcon.colcon_core.event_reactor[0m [1;30mDEBUG[0m [32mjoined thread[0m
[3.794s] [34mcolcon.colcon_core.shell[0m [1;30mINFO[0m Creating prefix script '/home/seeed/alohax_ws/install/local_setup.ps1'
[3.796s] [34mcolcon.colcon_core.shell[0m [1;30mINFO[0m Creating prefix util module '/home/seeed/alohax_ws/install/_local_setup_util_ps1.py'
[3.798s] [34mcolcon.colcon_core.shell[0m [1;30mINFO[0m Creating prefix chain script '/home/seeed/alohax_ws/install/setup.ps1'
[3.800s] [34mcolcon.colcon_core.shell[0m [1;30mINFO[0m Creating prefix script '/home/seeed/alohax_ws/install/local_setup.sh'
[3.801s] [34mcolcon.colcon_core.shell[0m [1;30mINFO[0m Creating prefix util module '/home/seeed/alohax_ws/install/_local_setup_util_sh.py'
[3.802s] [34mcolcon.colcon_core.shell[0m [1;30mINFO[0m Creating prefix chain script '/home/seeed/alohax_ws/install/setup.sh'
[3.803s] [34mcolcon.colcon_core.shell[0m [1;30mINFO[0m Creating prefix script '/home/seeed/alohax_ws/install/local_setup.bash'
[3.804s] [34mcolcon.colcon_core.shell[0m [1;30mINFO[0m Creating prefix chain script '/home/seeed/alohax_ws/install/setup.bash'
[3.806s] [34mcolcon.colcon_core.shell[0m [1;30mINFO[0m Creating prefix script '/home/seeed/alohax_ws/install/local_setup.zsh'
[3.807s] [34mcolcon.colcon_core.shell[0m [1;30mINFO[0m Creating prefix chain script '/home/seeed/alohax_ws/install/setup.zsh'
