[0.011s] Invoking command in '/home/seeed/alohax_ws/build/alohax_moveit_config': AMENT_PREFIX_PATH=/home/seeed/alohax_ws/install/alohax_urdf:${AMENT_PREFIX_PATH} CMAKE_PREFIX_PATH=/home/seeed/alohax_ws/install/alohax_urdf:/opt/ros/humble /usr/bin/cmake --build /home/seeed/alohax_ws/build/alohax_moveit_config -- -j6 -l6
[0.071s] Invoked command in '/home/seeed/alohax_ws/build/alohax_moveit_config' returned '0': AMENT_PREFIX_PATH=/home/seeed/alohax_ws/install/alohax_urdf:${AMENT_PREFIX_PATH} CMAKE_PREFIX_PATH=/home/seeed/alohax_ws/install/alohax_urdf:/opt/ros/humble /usr/bin/cmake --build /home/seeed/alohax_ws/build/alohax_moveit_config -- -j6 -l6
[0.074s] Invoking command in '/home/seeed/alohax_ws/build/alohax_moveit_config': AMENT_PREFIX_PATH=/home/seeed/alohax_ws/install/alohax_urdf:${AMENT_PREFIX_PATH} CMAKE_PREFIX_PATH=/home/seeed/alohax_ws/install/alohax_urdf:/opt/ros/humble /usr/bin/cmake --install /home/seeed/alohax_ws/build/alohax_moveit_config
[0.085s] -- Install configuration: ""
[0.086s] -- Execute custom install script
[0.087s] -- Up-to-date symlink: /home/seeed/alohax_ws/install/alohax_moveit_config/share/alohax_moveit_config/config/alohax.srdf
[0.087s] -- Up-to-date symlink: /home/seeed/alohax_ws/install/alohax_moveit_config/share/alohax_moveit_config/config/joint_limits.yaml
[0.087s] -- Up-to-date symlink: /home/seeed/alohax_ws/install/alohax_moveit_config/share/alohax_moveit_config/config/kinematics.yaml
[0.087s] -- Up-to-date symlink: /home/seeed/alohax_ws/install/alohax_moveit_config/share/alohax_moveit_config/config/moveit_controllers.yaml
[0.087s] -- Up-to-date symlink: /home/seeed/alohax_ws/install/alohax_moveit_config/share/alohax_moveit_config/config/ompl_planning.yaml
[0.088s] -- Up-to-date symlink: /home/seeed/alohax_ws/install/alohax_moveit_config/share/alohax_moveit_config/config/pilz_cartesian_limits.yaml
[0.088s] -- Up-to-date symlink: /home/seeed/alohax_ws/install/alohax_moveit_config/share/alohax_moveit_config/launch/move_group.launch.py
[0.088s] -- Up-to-date symlink: /home/seeed/alohax_ws/install/alohax_moveit_config/share/ament_index/resource_index/package_run_dependencies/alohax_moveit_config
[0.088s] -- Up-to-date symlink: /home/seeed/alohax_ws/install/alohax_moveit_config/share/ament_index/resource_index/parent_prefix_path/alohax_moveit_config
[0.089s] -- Up-to-date symlink: /home/seeed/alohax_ws/install/alohax_moveit_config/share/alohax_moveit_config/environment/ament_prefix_path.sh
[0.089s] -- Up-to-date symlink: /home/seeed/alohax_ws/install/alohax_moveit_config/share/alohax_moveit_config/environment/ament_prefix_path.dsv
[0.089s] -- Up-to-date symlink: /home/seeed/alohax_ws/install/alohax_moveit_config/share/alohax_moveit_config/environment/path.sh
[0.090s] -- Up-to-date symlink: /home/seeed/alohax_ws/install/alohax_moveit_config/share/alohax_moveit_config/environment/path.dsv
[0.090s] -- Up-to-date symlink: /home/seeed/alohax_ws/install/alohax_moveit_config/share/alohax_moveit_config/local_setup.bash
[0.090s] -- Up-to-date symlink: /home/seeed/alohax_ws/install/alohax_moveit_config/share/alohax_moveit_config/local_setup.sh
[0.090s] -- Up-to-date symlink: /home/seeed/alohax_ws/install/alohax_moveit_config/share/alohax_moveit_config/local_setup.zsh
[0.090s] -- Up-to-date symlink: /home/seeed/alohax_ws/install/alohax_moveit_config/share/alohax_moveit_config/local_setup.dsv
[0.091s] -- Symlinking: /home/seeed/alohax_ws/install/alohax_moveit_config/share/alohax_moveit_config/package.dsv
[0.105s] -- Up-to-date symlink: /home/seeed/alohax_ws/install/alohax_moveit_config/share/ament_index/resource_index/packages/alohax_moveit_config
[0.105s] -- Up-to-date symlink: /home/seeed/alohax_ws/install/alohax_moveit_config/share/alohax_moveit_config/cmake/alohax_moveit_configConfig.cmake
[0.105s] -- Up-to-date symlink: /home/seeed/alohax_ws/install/alohax_moveit_config/share/alohax_moveit_config/cmake/alohax_moveit_configConfig-version.cmake
[0.106s] -- Up-to-date symlink: /home/seeed/alohax_ws/install/alohax_moveit_config/share/alohax_moveit_config/package.xml
[0.110s] Invoked command in '/home/seeed/alohax_ws/build/alohax_moveit_config' returned '0': AMENT_PREFIX_PATH=/home/seeed/alohax_ws/install/alohax_urdf:${AMENT_PREFIX_PATH} CMAKE_PREFIX_PATH=/home/seeed/alohax_ws/install/alohax_urdf:/opt/ros/humble /usr/bin/cmake --install /home/seeed/alohax_ws/build/alohax_moveit_config
