[0.014s] Invoking command in '/home/seeed/alohax_ws/build/alohax_bringup': AMENT_PREFIX_PATH=/home/seeed/alohax_ws/install/alohax_moveit_config:/home/seeed/alohax_ws/install/alohax_urdf:/home/seeed/alohax_ws/install/alohax_hw_bridge:${AMENT_PREFIX_PATH} CMAKE_PREFIX_PATH=/home/seeed/alohax_ws/install/alohax_moveit_config:/home/seeed/alohax_ws/install/alohax_urdf:/opt/ros/humble PYTHONPATH=/home/seeed/alohax_ws/build/alohax_hw_bridge:/home/seeed/alohax_ws/install/alohax_hw_bridge/lib/python3.10/site-packages:${PYTHONPATH} /usr/bin/cmake --build /home/seeed/alohax_ws/build/alohax_bringup -- -j6 -l6
[0.071s] Invoked command in '/home/seeed/alohax_ws/build/alohax_bringup' returned '0': AMENT_PREFIX_PATH=/home/seeed/alohax_ws/install/alohax_moveit_config:/home/seeed/alohax_ws/install/alohax_urdf:/home/seeed/alohax_ws/install/alohax_hw_bridge:${AMENT_PREFIX_PATH} CMAKE_PREFIX_PATH=/home/seeed/alohax_ws/install/alohax_moveit_config:/home/seeed/alohax_ws/install/alohax_urdf:/opt/ros/humble PYTHONPATH=/home/seeed/alohax_ws/build/alohax_hw_bridge:/home/seeed/alohax_ws/install/alohax_hw_bridge/lib/python3.10/site-packages:${PYTHONPATH} /usr/bin/cmake --build /home/seeed/alohax_ws/build/alohax_bringup -- -j6 -l6
[0.074s] Invoking command in '/home/seeed/alohax_ws/build/alohax_bringup': AMENT_PREFIX_PATH=/home/seeed/alohax_ws/install/alohax_moveit_config:/home/seeed/alohax_ws/install/alohax_urdf:/home/seeed/alohax_ws/install/alohax_hw_bridge:${AMENT_PREFIX_PATH} CMAKE_PREFIX_PATH=/home/seeed/alohax_ws/install/alohax_moveit_config:/home/seeed/alohax_ws/install/alohax_urdf:/opt/ros/humble PYTHONPATH=/home/seeed/alohax_ws/build/alohax_hw_bridge:/home/seeed/alohax_ws/install/alohax_hw_bridge/lib/python3.10/site-packages:${PYTHONPATH} /usr/bin/cmake --install /home/seeed/alohax_ws/build/alohax_bringup
[0.086s] -- Install configuration: ""
[0.086s] -- Execute custom install script
[0.087s] -- Up-to-date symlink: /home/seeed/alohax_ws/install/alohax_bringup/share/alohax_bringup/launch/alohax.launch.py
[0.087s] -- Up-to-date symlink: /home/seeed/alohax_ws/install/alohax_bringup/share/alohax_bringup/rviz/xlerobot_moveit.rviz
[0.088s] -- Up-to-date symlink: /home/seeed/alohax_ws/install/alohax_bringup/share/ament_index/resource_index/package_run_dependencies/alohax_bringup
[0.088s] -- Up-to-date symlink: /home/seeed/alohax_ws/install/alohax_bringup/share/ament_index/resource_index/parent_prefix_path/alohax_bringup
[0.088s] -- Up-to-date symlink: /home/seeed/alohax_ws/install/alohax_bringup/share/alohax_bringup/environment/ament_prefix_path.sh
[0.088s] -- Up-to-date symlink: /home/seeed/alohax_ws/install/alohax_bringup/share/alohax_bringup/environment/ament_prefix_path.dsv
[0.089s] -- Up-to-date symlink: /home/seeed/alohax_ws/install/alohax_bringup/share/alohax_bringup/environment/path.sh
[0.089s] -- Up-to-date symlink: /home/seeed/alohax_ws/install/alohax_bringup/share/alohax_bringup/environment/path.dsv
[0.089s] -- Up-to-date symlink: /home/seeed/alohax_ws/install/alohax_bringup/share/alohax_bringup/local_setup.bash
[0.089s] -- Up-to-date symlink: /home/seeed/alohax_ws/install/alohax_bringup/share/alohax_bringup/local_setup.sh
[0.090s] -- Up-to-date symlink: /home/seeed/alohax_ws/install/alohax_bringup/share/alohax_bringup/local_setup.zsh
[0.090s] -- Up-to-date symlink: /home/seeed/alohax_ws/install/alohax_bringup/share/alohax_bringup/local_setup.dsv
[0.090s] -- Symlinking: /home/seeed/alohax_ws/install/alohax_bringup/share/alohax_bringup/package.dsv
[0.105s] -- Up-to-date symlink: /home/seeed/alohax_ws/install/alohax_bringup/share/ament_index/resource_index/packages/alohax_bringup
[0.105s] -- Up-to-date symlink: /home/seeed/alohax_ws/install/alohax_bringup/share/alohax_bringup/cmake/alohax_bringupConfig.cmake
[0.105s] -- Up-to-date symlink: /home/seeed/alohax_ws/install/alohax_bringup/share/alohax_bringup/cmake/alohax_bringupConfig-version.cmake
[0.105s] -- Up-to-date symlink: /home/seeed/alohax_ws/install/alohax_bringup/share/alohax_bringup/package.xml
[0.109s] Invoked command in '/home/seeed/alohax_ws/build/alohax_bringup' returned '0': AMENT_PREFIX_PATH=/home/seeed/alohax_ws/install/alohax_moveit_config:/home/seeed/alohax_ws/install/alohax_urdf:/home/seeed/alohax_ws/install/alohax_hw_bridge:${AMENT_PREFIX_PATH} CMAKE_PREFIX_PATH=/home/seeed/alohax_ws/install/alohax_moveit_config:/home/seeed/alohax_ws/install/alohax_urdf:/opt/ros/humble PYTHONPATH=/home/seeed/alohax_ws/build/alohax_hw_bridge:/home/seeed/alohax_ws/install/alohax_hw_bridge/lib/python3.10/site-packages:${PYTHONPATH} /usr/bin/cmake --install /home/seeed/alohax_ws/build/alohax_bringup
